2024-08-10 08:27:21.4808|14|INFO|Microsoft.Hosting.Lifetime|Now listening on: http://localhost:5129 |url: |action: 
2024-08-10 08:27:21.4833|0|INFO|Microsoft.Hosting.Lifetime|Application started. Press Ctrl+C to shut down. |url: |action: 
2024-08-10 08:27:21.4833|0|INFO|Microsoft.Hosting.Lifetime|Hosting environment: Development |url: |action: 
2024-08-10 08:27:21.4838|0|INFO|Microsoft.Hosting.Lifetime|Content root path: /Users/tiantian/Desktop/WorkSpace/MengGrocery/MengGrocery/ |url: |action: 
2024-08-10 08:27:21.6674|3|WARN|Microsoft.AspNetCore.HttpsPolicy.HttpsRedirectionMiddleware|Failed to determine the https port for redirect. |url: |action: 
2024-08-10 08:27:35.1041|20102|ERROR|Microsoft.EntityFrameworkCore.Database.Command|Failed executing DbCommand (21ms) [Parameters=[@__normalizedUserName_0='?' (Size = 256)], CommandType='Text', CommandTimeout='30']
SELECT `a`.`Id`, `a`.`AccessFailedCount`, `a`.`ConcurrencyStamp`, `a`.`Email`, `a`.`EmailConfirmed`, `a`.`LockoutEnabled`, `a`.`LockoutEnd`, `a`.`NormalizedEmail`, `a`.`NormalizedUserName`, `a`.`PasswordHash`, `a`.`PhoneNumber`, `a`.`PhoneNumberConfirmed`, `a`.`SecurityStamp`, `a`.`TwoFactorEnabled`, `a`.`UserName`
FROM `AspNetUsers` AS `a`
WHERE `a`.`NormalizedUserName` = @__normalizedUserName_0
LIMIT 1 |url: |action: 
2024-08-10 08:27:35.1129|10100|ERROR|Microsoft.EntityFrameworkCore.Query|An exception occurred while iterating over the results of a query for context type 'MengGrocery.Migrations.ApplicationDbContext'.
MySqlConnector.MySqlException (0x80004005): Table 'menggrocery.aspnetusers' doesn't exist
   at MySqlConnector.Core.ServerSession.ReceiveReplyAsyncAwaited(ValueTask`1 task) in /_/src/MySqlConnector/Core/ServerSession.cs:line 954
   at MySqlConnector.Core.ResultSet.ReadResultSetHeaderAsync(IOBehavior ioBehavior) in /_/src/MySqlConnector/Core/ResultSet.cs:line 44
   at MySqlConnector.MySqlDataReader.ActivateResultSet(CancellationToken cancellationToken) in /_/src/MySqlConnector/MySqlDataReader.cs:line 127
   at MySqlConnector.MySqlDataReader.CreateAsync(CommandListPosition commandListPosition, ICommandPayloadCreator payloadCreator, IDictionary`2 cachedProcedures, IMySqlCommand command, CommandBehavior behavior, Activity activity, IOBehavior ioBehavior, CancellationToken cancellationToken) in /_/src/MySqlConnector/MySqlDataReader.cs:line 456
   at MySqlConnector.Core.CommandExecutor.ExecuteReaderAsync(IReadOnlyList`1 commands, ICommandPayloadCreator payloadCreator, CommandBehavior behavior, Activity activity, IOBehavior ioBehavior, CancellationToken cancellationToken) in /_/src/MySqlConnector/Core/CommandExecutor.cs:line 56
   at MySqlConnector.MySqlCommand.ExecuteReaderAsync(CommandBehavior behavior, IOBehavior ioBehavior, CancellationToken cancellationToken) in /_/src/MySqlConnector/MySqlCommand.cs:line 330
   at MySqlConnector.MySqlCommand.ExecuteDbDataReaderAsync(CommandBehavior behavior, CancellationToken cancellationToken) in /_/src/MySqlConnector/MySqlCommand.cs:line 323
   at Microsoft.EntityFrameworkCore.Storage.RelationalCommand.ExecuteReaderAsync(RelationalCommandParameterObject parameterObject, CancellationToken cancellationToken)
   at Microsoft.EntityFrameworkCore.Storage.RelationalCommand.ExecuteReaderAsync(RelationalCommandParameterObject parameterObject, CancellationToken cancellationToken)
   at Microsoft.EntityFrameworkCore.Query.Internal.SingleQueryingEnumerable`1.AsyncEnumerator.InitializeReaderAsync(AsyncEnumerator enumerator, CancellationToken cancellationToken)
   at Pomelo.EntityFrameworkCore.MySql.Storage.Internal.MySqlExecutionStrategy.ExecuteAsync[TState,TResult](TState state, Func`4 operation, Func`4 verifySucceeded, CancellationToken cancellationToken)
   at Microsoft.EntityFrameworkCore.Query.Internal.SingleQueryingEnumerable`1.AsyncEnumerator.MoveNextAsync() MySqlConnector.MySqlException (0x80004005): Table 'menggrocery.aspnetusers' doesn't exist
   at MySqlConnector.Core.ServerSession.ReceiveReplyAsyncAwaited(ValueTask`1 task) in /_/src/MySqlConnector/Core/ServerSession.cs:line 954
   at MySqlConnector.Core.ResultSet.ReadResultSetHeaderAsync(IOBehavior ioBehavior) in /_/src/MySqlConnector/Core/ResultSet.cs:line 44
   at MySqlConnector.MySqlDataReader.ActivateResultSet(CancellationToken cancellationToken) in /_/src/MySqlConnector/MySqlDataReader.cs:line 127
   at MySqlConnector.MySqlDataReader.CreateAsync(CommandListPosition commandListPosition, ICommandPayloadCreator payloadCreator, IDictionary`2 cachedProcedures, IMySqlCommand command, CommandBehavior behavior, Activity activity, IOBehavior ioBehavior, CancellationToken cancellationToken) in /_/src/MySqlConnector/MySqlDataReader.cs:line 456
   at MySqlConnector.Core.CommandExecutor.ExecuteReaderAsync(IReadOnlyList`1 commands, ICommandPayloadCreator payloadCreator, CommandBehavior behavior, Activity activity, IOBehavior ioBehavior, CancellationToken cancellationToken) in /_/src/MySqlConnector/Core/CommandExecutor.cs:line 56
   at MySqlConnector.MySqlCommand.ExecuteReaderAsync(CommandBehavior behavior, IOBehavior ioBehavior, CancellationToken cancellationToken) in /_/src/MySqlConnector/MySqlCommand.cs:line 330
   at MySqlConnector.MySqlCommand.ExecuteDbDataReaderAsync(CommandBehavior behavior, CancellationToken cancellationToken) in /_/src/MySqlConnector/MySqlCommand.cs:line 323
   at Microsoft.EntityFrameworkCore.Storage.RelationalCommand.ExecuteReaderAsync(RelationalCommandParameterObject parameterObject, CancellationToken cancellationToken)
   at Microsoft.EntityFrameworkCore.Storage.RelationalCommand.ExecuteReaderAsync(RelationalCommandParameterObject parameterObject, CancellationToken cancellationToken)
   at Microsoft.EntityFrameworkCore.Query.Internal.SingleQueryingEnumerable`1.AsyncEnumerator.InitializeReaderAsync(AsyncEnumerator enumerator, CancellationToken cancellationToken)
   at Pomelo.EntityFrameworkCore.MySql.Storage.Internal.MySqlExecutionStrategy.ExecuteAsync[TState,TResult](TState state, Func`4 operation, Func`4 verifySucceeded, CancellationToken cancellationToken)
   at Microsoft.EntityFrameworkCore.Query.Internal.SingleQueryingEnumerable`1.AsyncEnumerator.MoveNextAsync()|url: |action: 
2024-08-10 08:27:35.1199|1|ERROR|Microsoft.AspNetCore.Diagnostics.DeveloperExceptionPageMiddleware|An unhandled exception has occurred while executing the request. MySqlConnector.MySqlException (0x80004005): Table 'menggrocery.aspnetusers' doesn't exist
   at MySqlConnector.Core.ServerSession.ReceiveReplyAsyncAwaited(ValueTask`1 task) in /_/src/MySqlConnector/Core/ServerSession.cs:line 954
   at MySqlConnector.Core.ResultSet.ReadResultSetHeaderAsync(IOBehavior ioBehavior) in /_/src/MySqlConnector/Core/ResultSet.cs:line 44
   at MySqlConnector.MySqlDataReader.ActivateResultSet(CancellationToken cancellationToken) in /_/src/MySqlConnector/MySqlDataReader.cs:line 127
   at MySqlConnector.MySqlDataReader.CreateAsync(CommandListPosition commandListPosition, ICommandPayloadCreator payloadCreator, IDictionary`2 cachedProcedures, IMySqlCommand command, CommandBehavior behavior, Activity activity, IOBehavior ioBehavior, CancellationToken cancellationToken) in /_/src/MySqlConnector/MySqlDataReader.cs:line 456
   at MySqlConnector.Core.CommandExecutor.ExecuteReaderAsync(IReadOnlyList`1 commands, ICommandPayloadCreator payloadCreator, CommandBehavior behavior, Activity activity, IOBehavior ioBehavior, CancellationToken cancellationToken) in /_/src/MySqlConnector/Core/CommandExecutor.cs:line 56
   at MySqlConnector.MySqlCommand.ExecuteReaderAsync(CommandBehavior behavior, IOBehavior ioBehavior, CancellationToken cancellationToken) in /_/src/MySqlConnector/MySqlCommand.cs:line 330
   at MySqlConnector.MySqlCommand.ExecuteDbDataReaderAsync(CommandBehavior behavior, CancellationToken cancellationToken) in /_/src/MySqlConnector/MySqlCommand.cs:line 323
   at Microsoft.EntityFrameworkCore.Storage.RelationalCommand.ExecuteReaderAsync(RelationalCommandParameterObject parameterObject, CancellationToken cancellationToken)
   at Microsoft.EntityFrameworkCore.Storage.RelationalCommand.ExecuteReaderAsync(RelationalCommandParameterObject parameterObject, CancellationToken cancellationToken)
   at Microsoft.EntityFrameworkCore.Query.Internal.SingleQueryingEnumerable`1.AsyncEnumerator.InitializeReaderAsync(AsyncEnumerator enumerator, CancellationToken cancellationToken)
   at Pomelo.EntityFrameworkCore.MySql.Storage.Internal.MySqlExecutionStrategy.ExecuteAsync[TState,TResult](TState state, Func`4 operation, Func`4 verifySucceeded, CancellationToken cancellationToken)
   at Microsoft.EntityFrameworkCore.Query.Internal.SingleQueryingEnumerable`1.AsyncEnumerator.MoveNextAsync()
   at Microsoft.EntityFrameworkCore.Query.ShapedQueryCompilingExpressionVisitor.SingleOrDefaultAsync[TSource](IAsyncEnumerable`1 asyncEnumerable, CancellationToken cancellationToken)
   at Microsoft.EntityFrameworkCore.Query.ShapedQueryCompilingExpressionVisitor.SingleOrDefaultAsync[TSource](IAsyncEnumerable`1 asyncEnumerable, CancellationToken cancellationToken)
   at Microsoft.AspNetCore.Identity.UserManager`1.FindByNameAsync(String userName)
   at Microsoft.AspNetCore.Identity.UserValidator`1.ValidateUserName(UserManager`1 manager, TUser user, ICollection`1 errors)
   at Microsoft.AspNetCore.Identity.UserValidator`1.ValidateAsync(UserManager`1 manager, TUser user)
   at Microsoft.AspNetCore.Identity.UserManager`1.ValidateUserAsync(TUser user)
   at Microsoft.AspNetCore.Identity.UserManager`1.CreateAsync(TUser user)
   at Microsoft.AspNetCore.Identity.UserManager`1.CreateAsync(TUser user, String password)
   at AccountController.Register(RegisterViewModel model) in /Users/tiantian/Desktop/WorkSpace/MengGrocery/MengGrocery/Areas/Account/Controller/AccountController.cs:line 64
   at Microsoft.AspNetCore.Mvc.Infrastructure.ActionMethodExecutor.TaskOfIActionResultExecutor.Execute(IActionResultTypeMapper mapper, ObjectMethodExecutor executor, Object controller, Object[] arguments)
   at Microsoft.AspNetCore.Mvc.Infrastructure.ControllerActionInvoker.<InvokeActionMethodAsync>g__Awaited|12_0(ControllerActionInvoker invoker, ValueTask`1 actionResultValueTask)
   at Microsoft.AspNetCore.Mvc.Infrastructure.ControllerActionInvoker.<InvokeNextActionFilterAsync>g__Awaited|10_0(ControllerActionInvoker invoker, Task lastTask, State next, Scope scope, Object state, Boolean isCompleted)
   at Microsoft.AspNetCore.Mvc.Infrastructure.ControllerActionInvoker.Rethrow(ActionExecutedContextSealed context)
   at Microsoft.AspNetCore.Mvc.Infrastructure.ControllerActionInvoker.Next(State& next, Scope& scope, Object& state, Boolean& isCompleted)
   at Microsoft.AspNetCore.Mvc.Infrastructure.ControllerActionInvoker.<InvokeInnerFilterAsync>g__Awaited|13_0(ControllerActionInvoker invoker, Task lastTask, State next, Scope scope, Object state, Boolean isCompleted)
   at Microsoft.AspNetCore.Mvc.Infrastructure.ResourceInvoker.<InvokeNextResourceFilter>g__Awaited|25_0(ResourceInvoker invoker, Task lastTask, State next, Scope scope, Object state, Boolean isCompleted)
   at Microsoft.AspNetCore.Mvc.Infrastructure.ResourceInvoker.Rethrow(ResourceExecutedContextSealed context)
   at Microsoft.AspNetCore.Mvc.Infrastructure.ResourceInvoker.Next(State& next, Scope& scope, Object& state, Boolean& isCompleted)
   at Microsoft.AspNetCore.Mvc.Infrastructure.ResourceInvoker.<InvokeFilterPipelineAsync>g__Awaited|20_0(ResourceInvoker invoker, Task lastTask, State next, Scope scope, Object state, Boolean isCompleted)
   at Microsoft.AspNetCore.Mvc.Infrastructure.ResourceInvoker.<InvokeAsync>g__Awaited|17_0(ResourceInvoker invoker, Task task, IDisposable scope)
   at Microsoft.AspNetCore.Mvc.Infrastructure.ResourceInvoker.<InvokeAsync>g__Awaited|17_0(ResourceInvoker invoker, Task task, IDisposable scope)
   at Microsoft.AspNetCore.Routing.EndpointMiddleware.<Invoke>g__AwaitRequestTask|6_0(Endpoint endpoint, Task requestTask, ILogger logger)
   at Microsoft.AspNetCore.Authorization.AuthorizationMiddleware.Invoke(HttpContext context)
   at Microsoft.AspNetCore.Diagnostics.DeveloperExceptionPageMiddleware.Invoke(HttpContext context)|url: |action: 
2024-08-10 08:36:15.9863|14|INFO|Microsoft.Hosting.Lifetime|Now listening on: http://localhost:5129 |url: |action: 
2024-08-10 08:36:15.9887|0|INFO|Microsoft.Hosting.Lifetime|Application started. Press Ctrl+C to shut down. |url: |action: 
2024-08-10 08:36:15.9887|0|INFO|Microsoft.Hosting.Lifetime|Hosting environment: Development |url: |action: 
2024-08-10 08:36:15.9892|0|INFO|Microsoft.Hosting.Lifetime|Content root path: /Users/tiantian/Desktop/WorkSpace/MengGrocery/MengGrocery/ |url: |action: 
2024-08-10 08:36:16.1435|3|WARN|Microsoft.AspNetCore.HttpsPolicy.HttpsRedirectionMiddleware|Failed to determine the https port for redirect. |url: |action: 
2024-08-10 08:36:59.7022|14|INFO|Microsoft.Hosting.Lifetime|Now listening on: http://localhost:5129 |url: |action: 
2024-08-10 08:36:59.7043|0|INFO|Microsoft.Hosting.Lifetime|Application started. Press Ctrl+C to shut down. |url: |action: 
2024-08-10 08:36:59.7043|0|INFO|Microsoft.Hosting.Lifetime|Hosting environment: Development |url: |action: 
2024-08-10 08:36:59.7043|0|INFO|Microsoft.Hosting.Lifetime|Content root path: /Users/tiantian/Desktop/WorkSpace/MengGrocery/MengGrocery/ |url: |action: 
2024-08-10 08:36:59.8094|3|WARN|Microsoft.AspNetCore.HttpsPolicy.HttpsRedirectionMiddleware|Failed to determine the https port for redirect. |url: |action: 
2024-08-10 08:43:39.1104|14|INFO|Microsoft.Hosting.Lifetime|Now listening on: http://localhost:5129 |url: |action: 
2024-08-10 08:43:39.1145|0|INFO|Microsoft.Hosting.Lifetime|Application started. Press Ctrl+C to shut down. |url: |action: 
2024-08-10 08:43:39.1146|0|INFO|Microsoft.Hosting.Lifetime|Hosting environment: Development |url: |action: 
2024-08-10 08:43:39.1146|0|INFO|Microsoft.Hosting.Lifetime|Content root path: /Users/tiantian/Desktop/WorkSpace/MengGrocery/MengGrocery/ |url: |action: 
2024-08-10 08:43:39.2417|3|WARN|Microsoft.AspNetCore.HttpsPolicy.HttpsRedirectionMiddleware|Failed to determine the https port for redirect. |url: |action: 
2024-08-10 08:48:30.1840|14|INFO|Microsoft.Hosting.Lifetime|Now listening on: http://localhost:5129 |url: |action: 
2024-08-10 08:48:30.1917|0|INFO|Microsoft.Hosting.Lifetime|Application started. Press Ctrl+C to shut down. |url: |action: 
2024-08-10 08:48:30.1923|0|INFO|Microsoft.Hosting.Lifetime|Hosting environment: Development |url: |action: 
2024-08-10 08:48:30.2165|0|INFO|Microsoft.Hosting.Lifetime|Content root path: /Users/tiantian/Desktop/WorkSpace/MengGrocery/MengGrocery/ |url: |action: 
2024-08-10 08:48:30.6441|3|WARN|Microsoft.AspNetCore.HttpsPolicy.HttpsRedirectionMiddleware|Failed to determine the https port for redirect. |url: |action: 
2024-08-10 09:00:26.0737|14|INFO|Microsoft.Hosting.Lifetime|Now listening on: http://localhost:5129 |url: |action: 
2024-08-10 09:00:26.0809|0|INFO|Microsoft.Hosting.Lifetime|Application started. Press Ctrl+C to shut down. |url: |action: 
2024-08-10 09:00:26.0809|0|INFO|Microsoft.Hosting.Lifetime|Hosting environment: Development |url: |action: 
2024-08-10 09:00:26.0820|0|INFO|Microsoft.Hosting.Lifetime|Content root path: /Users/tiantian/Desktop/WorkSpace/MengGrocery/MengGrocery/ |url: |action: 
2024-08-10 09:00:26.2970|3|WARN|Microsoft.AspNetCore.HttpsPolicy.HttpsRedirectionMiddleware|Failed to determine the https port for redirect. |url: |action: 
2024-08-10 09:01:45.0234|14|INFO|Microsoft.Hosting.Lifetime|Now listening on: http://localhost:5129 |url: |action: 
2024-08-10 09:01:45.0262|0|INFO|Microsoft.Hosting.Lifetime|Application started. Press Ctrl+C to shut down. |url: |action: 
2024-08-10 09:01:45.0262|0|INFO|Microsoft.Hosting.Lifetime|Hosting environment: Development |url: |action: 
2024-08-10 09:01:45.0267|0|INFO|Microsoft.Hosting.Lifetime|Content root path: /Users/tiantian/Desktop/WorkSpace/MengGrocery/MengGrocery/ |url: |action: 
2024-08-10 09:01:45.1316|3|WARN|Microsoft.AspNetCore.HttpsPolicy.HttpsRedirectionMiddleware|Failed to determine the https port for redirect. |url: |action: 
2024-08-10 09:02:08.1948|14|INFO|Microsoft.Hosting.Lifetime|Now listening on: http://localhost:5129 |url: |action: 
2024-08-10 09:02:08.2002|0|INFO|Microsoft.Hosting.Lifetime|Application started. Press Ctrl+C to shut down. |url: |action: 
2024-08-10 09:02:08.2006|0|INFO|Microsoft.Hosting.Lifetime|Hosting environment: Development |url: |action: 
2024-08-10 09:02:08.2006|0|INFO|Microsoft.Hosting.Lifetime|Content root path: /Users/tiantian/Desktop/WorkSpace/MengGrocery/MengGrocery/ |url: |action: 
2024-08-10 09:02:08.3496|3|WARN|Microsoft.AspNetCore.HttpsPolicy.HttpsRedirectionMiddleware|Failed to determine the https port for redirect. |url: |action: 
2024-08-10 09:05:13.5906|14|INFO|Microsoft.Hosting.Lifetime|Now listening on: http://localhost:5129 |url: |action: 
2024-08-10 09:05:13.5976|0|INFO|Microsoft.Hosting.Lifetime|Application started. Press Ctrl+C to shut down. |url: |action: 
2024-08-10 09:05:13.5982|0|INFO|Microsoft.Hosting.Lifetime|Hosting environment: Development |url: |action: 
2024-08-10 09:05:13.5990|0|INFO|Microsoft.Hosting.Lifetime|Content root path: /Users/tiantian/Desktop/WorkSpace/MengGrocery/MengGrocery/ |url: |action: 
2024-08-10 09:05:13.7601|3|WARN|Microsoft.AspNetCore.HttpsPolicy.HttpsRedirectionMiddleware|Failed to determine the https port for redirect. |url: |action: 
2024-08-10 09:07:38.1281|14|INFO|Microsoft.Hosting.Lifetime|Now listening on: http://localhost:5129 |url: |action: 
2024-08-10 09:07:38.1342|0|INFO|Microsoft.Hosting.Lifetime|Application started. Press Ctrl+C to shut down. |url: |action: 
2024-08-10 09:07:38.1342|0|INFO|Microsoft.Hosting.Lifetime|Hosting environment: Development |url: |action: 
2024-08-10 09:07:38.1355|0|INFO|Microsoft.Hosting.Lifetime|Content root path: /Users/tiantian/Desktop/WorkSpace/MengGrocery/MengGrocery/ |url: |action: 
2024-08-10 09:07:38.3257|3|WARN|Microsoft.AspNetCore.HttpsPolicy.HttpsRedirectionMiddleware|Failed to determine the https port for redirect. |url: |action: 
2024-08-10 09:14:32.5303|0|WARN|Microsoft.AspNetCore.Identity.UserManager|Invalid password for user. |url: |action: 
2024-08-10 09:14:32.5316|2|WARN|Microsoft.AspNetCore.Identity.SignInManager|User failed to provide the correct password. |url: |action: 
2024-08-10 09:24:13.2651|14|INFO|Microsoft.Hosting.Lifetime|Now listening on: http://localhost:5129 |url: |action: 
2024-08-10 09:24:13.2715|0|INFO|Microsoft.Hosting.Lifetime|Application started. Press Ctrl+C to shut down. |url: |action: 
2024-08-10 09:24:13.2721|0|INFO|Microsoft.Hosting.Lifetime|Hosting environment: Development |url: |action: 
2024-08-10 09:24:13.2727|0|INFO|Microsoft.Hosting.Lifetime|Content root path: /Users/tiantian/Desktop/WorkSpace/MengGrocery/MengGrocery/ |url: |action: 
2024-08-10 09:24:13.5199|3|WARN|Microsoft.AspNetCore.HttpsPolicy.HttpsRedirectionMiddleware|Failed to determine the https port for redirect. |url: |action: 
2024-08-10 09:28:00.8465|14|INFO|Microsoft.Hosting.Lifetime|Now listening on: http://localhost:5129 |url: |action: 
2024-08-10 09:28:00.8618|0|INFO|Microsoft.Hosting.Lifetime|Application started. Press Ctrl+C to shut down. |url: |action: 
2024-08-10 09:28:00.8650|0|INFO|Microsoft.Hosting.Lifetime|Hosting environment: Development |url: |action: 
2024-08-10 09:28:00.8681|0|INFO|Microsoft.Hosting.Lifetime|Content root path: /Users/tiantian/Desktop/WorkSpace/MengGrocery/MengGrocery/ |url: |action: 
2024-08-10 09:28:01.0492|3|WARN|Microsoft.AspNetCore.HttpsPolicy.HttpsRedirectionMiddleware|Failed to determine the https port for redirect. |url: |action: 
2024-08-10 09:32:44.9201|14|INFO|Microsoft.Hosting.Lifetime|Now listening on: http://localhost:5129 |url: |action: 
2024-08-10 09:32:44.9292|0|INFO|Microsoft.Hosting.Lifetime|Application started. Press Ctrl+C to shut down. |url: |action: 
2024-08-10 09:32:44.9440|0|INFO|Microsoft.Hosting.Lifetime|Hosting environment: Development |url: |action: 
2024-08-10 09:32:44.9475|0|INFO|Microsoft.Hosting.Lifetime|Content root path: /Users/tiantian/Desktop/WorkSpace/MengGrocery/MengGrocery/ |url: |action: 
2024-08-10 09:32:45.1360|3|WARN|Microsoft.AspNetCore.HttpsPolicy.HttpsRedirectionMiddleware|Failed to determine the https port for redirect. |url: |action: 
