2024-08-10 08:27:21.3746|10403|INFO|Microsoft.EntityFrameworkCore.Infrastructure|Entity Framework Core 6.0.32 initialized 'ApplicationDbContext' using provider 'Pomelo.EntityFrameworkCore.MySql:6.0.3' with options: ServerVersion 8.3.0-mysql  
2024-08-10 08:27:21.4407|20101|INFO|Microsoft.EntityFrameworkCore.Database.Command|Executed DbCommand (6ms) [Parameters=[], CommandType='Text', CommandTimeout='30']
SELECT 1 FROM INFORMATION_SCHEMA.TABLES WHERE TABLE_SCHEMA='MengGrocery' AND TABLE_NAME='__EFMigrationsHistory'; 
2024-08-10 08:27:21.4551|20101|INFO|Microsoft.EntityFrameworkCore.Database.Command|Executed DbCommand (2ms) [Parameters=[], CommandType='Text', CommandTimeout='30']
SELECT 1 FROM INFORMATION_SCHEMA.TABLES WHERE TABLE_SCHEMA='MengGrocery' AND TABLE_NAME='__EFMigrationsHistory'; 
2024-08-10 08:27:21.4621|20101|INFO|Microsoft.EntityFrameworkCore.Database.Command|Executed DbCommand (1ms) [Parameters=[], CommandType='Text', CommandTimeout='30']
SELECT `MigrationId`, `ProductVersion`
FROM `__EFMigrationsHistory`
ORDER BY `MigrationId`; 
2024-08-10 08:27:21.4677|20405|INFO|Microsoft.EntityFrameworkCore.Migrations|No migrations were applied. The database is already up to date. 
2024-08-10 08:27:21.4808|14|INFO|Microsoft.Hosting.Lifetime|Now listening on: http://localhost:5129 
2024-08-10 08:27:21.4833|0|INFO|Microsoft.Hosting.Lifetime|Application started. Press Ctrl+C to shut down. 
2024-08-10 08:27:21.4833|0|INFO|Microsoft.Hosting.Lifetime|Hosting environment: Development 
2024-08-10 08:27:21.4838|0|INFO|Microsoft.Hosting.Lifetime|Content root path: /Users/tiantian/Desktop/WorkSpace/MengGrocery/MengGrocery/ 
2024-08-10 08:27:21.6674|3|WARN|Microsoft.AspNetCore.HttpsPolicy.HttpsRedirectionMiddleware|Failed to determine the https port for redirect. 
2024-08-10 08:27:34.9728|10403|INFO|Microsoft.EntityFrameworkCore.Infrastructure|Entity Framework Core 6.0.32 initialized 'ApplicationDbContext' using provider 'Pomelo.EntityFrameworkCore.MySql:6.0.3' with options: ServerVersion 8.3.0-mysql  
2024-08-10 08:27:35.1041|20102|ERROR|Microsoft.EntityFrameworkCore.Database.Command|Failed executing DbCommand (21ms) [Parameters=[@__normalizedUserName_0='?' (Size = 256)], CommandType='Text', CommandTimeout='30']
SELECT `a`.`Id`, `a`.`AccessFailedCount`, `a`.`ConcurrencyStamp`, `a`.`Email`, `a`.`EmailConfirmed`, `a`.`LockoutEnabled`, `a`.`LockoutEnd`, `a`.`NormalizedEmail`, `a`.`NormalizedUserName`, `a`.`PasswordHash`, `a`.`PhoneNumber`, `a`.`PhoneNumberConfirmed`, `a`.`SecurityStamp`, `a`.`TwoFactorEnabled`, `a`.`UserName`
FROM `AspNetUsers` AS `a`
WHERE `a`.`NormalizedUserName` = @__normalizedUserName_0
LIMIT 1 
2024-08-10 08:27:35.1129|10100|ERROR|Microsoft.EntityFrameworkCore.Query|An exception occurred while iterating over the results of a query for context type 'MengGrocery.Migrations.ApplicationDbContext'.
MySqlConnector.MySqlException (0x80004005): Table 'menggrocery.aspnetusers' doesn't exist
   at MySqlConnector.Core.ServerSession.ReceiveReplyAsyncAwaited(ValueTask`1 task) in /_/src/MySqlConnector/Core/ServerSession.cs:line 954
   at MySqlConnector.Core.ResultSet.ReadResultSetHeaderAsync(IOBehavior ioBehavior) in /_/src/MySqlConnector/Core/ResultSet.cs:line 44
   at MySqlConnector.MySqlDataReader.ActivateResultSet(CancellationToken cancellationToken) in /_/src/MySqlConnector/MySqlDataReader.cs:line 127
   at MySqlConnector.MySqlDataReader.CreateAsync(CommandListPosition commandListPosition, ICommandPayloadCreator payloadCreator, IDictionary`2 cachedProcedures, IMySqlCommand command, CommandBehavior behavior, Activity activity, IOBehavior ioBehavior, CancellationToken cancellationToken) in /_/src/MySqlConnector/MySqlDataReader.cs:line 456
   at MySqlConnector.Core.CommandExecutor.ExecuteReaderAsync(IReadOnlyList`1 commands, ICommandPayloadCreator payloadCreator, CommandBehavior behavior, Activity activity, IOBehavior ioBehavior, CancellationToken cancellationToken) in /_/src/MySqlConnector/Core/CommandExecutor.cs:line 56
   at MySqlConnector.MySqlCommand.ExecuteReaderAsync(CommandBehavior behavior, IOBehavior ioBehavior, CancellationToken cancellationToken) in /_/src/MySqlConnector/MySqlCommand.cs:line 330
   at MySqlConnector.MySqlCommand.ExecuteDbDataReaderAsync(CommandBehavior behavior, CancellationToken cancellationToken) in /_/src/MySqlConnector/MySqlCommand.cs:line 323
   at Microsoft.EntityFrameworkCore.Storage.RelationalCommand.ExecuteReaderAsync(RelationalCommandParameterObject parameterObject, CancellationToken cancellationToken)
   at Microsoft.EntityFrameworkCore.Storage.RelationalCommand.ExecuteReaderAsync(RelationalCommandParameterObject parameterObject, CancellationToken cancellationToken)
   at Microsoft.EntityFrameworkCore.Query.Internal.SingleQueryingEnumerable`1.AsyncEnumerator.InitializeReaderAsync(AsyncEnumerator enumerator, CancellationToken cancellationToken)
   at Pomelo.EntityFrameworkCore.MySql.Storage.Internal.MySqlExecutionStrategy.ExecuteAsync[TState,TResult](TState state, Func`4 operation, Func`4 verifySucceeded, CancellationToken cancellationToken)
   at Microsoft.EntityFrameworkCore.Query.Internal.SingleQueryingEnumerable`1.AsyncEnumerator.MoveNextAsync() MySqlConnector.MySqlException (0x80004005): Table 'menggrocery.aspnetusers' doesn't exist
   at MySqlConnector.Core.ServerSession.ReceiveReplyAsyncAwaited(ValueTask`1 task) in /_/src/MySqlConnector/Core/ServerSession.cs:line 954
   at MySqlConnector.Core.ResultSet.ReadResultSetHeaderAsync(IOBehavior ioBehavior) in /_/src/MySqlConnector/Core/ResultSet.cs:line 44
   at MySqlConnector.MySqlDataReader.ActivateResultSet(CancellationToken cancellationToken) in /_/src/MySqlConnector/MySqlDataReader.cs:line 127
   at MySqlConnector.MySqlDataReader.CreateAsync(CommandListPosition commandListPosition, ICommandPayloadCreator payloadCreator, IDictionary`2 cachedProcedures, IMySqlCommand command, CommandBehavior behavior, Activity activity, IOBehavior ioBehavior, CancellationToken cancellationToken) in /_/src/MySqlConnector/MySqlDataReader.cs:line 456
   at MySqlConnector.Core.CommandExecutor.ExecuteReaderAsync(IReadOnlyList`1 commands, ICommandPayloadCreator payloadCreator, CommandBehavior behavior, Activity activity, IOBehavior ioBehavior, CancellationToken cancellationToken) in /_/src/MySqlConnector/Core/CommandExecutor.cs:line 56
   at MySqlConnector.MySqlCommand.ExecuteReaderAsync(CommandBehavior behavior, IOBehavior ioBehavior, CancellationToken cancellationToken) in /_/src/MySqlConnector/MySqlCommand.cs:line 330
   at MySqlConnector.MySqlCommand.ExecuteDbDataReaderAsync(CommandBehavior behavior, CancellationToken cancellationToken) in /_/src/MySqlConnector/MySqlCommand.cs:line 323
   at Microsoft.EntityFrameworkCore.Storage.RelationalCommand.ExecuteReaderAsync(RelationalCommandParameterObject parameterObject, CancellationToken cancellationToken)
   at Microsoft.EntityFrameworkCore.Storage.RelationalCommand.ExecuteReaderAsync(RelationalCommandParameterObject parameterObject, CancellationToken cancellationToken)
   at Microsoft.EntityFrameworkCore.Query.Internal.SingleQueryingEnumerable`1.AsyncEnumerator.InitializeReaderAsync(AsyncEnumerator enumerator, CancellationToken cancellationToken)
   at Pomelo.EntityFrameworkCore.MySql.Storage.Internal.MySqlExecutionStrategy.ExecuteAsync[TState,TResult](TState state, Func`4 operation, Func`4 verifySucceeded, CancellationToken cancellationToken)
   at Microsoft.EntityFrameworkCore.Query.Internal.SingleQueryingEnumerable`1.AsyncEnumerator.MoveNextAsync()
2024-08-10 08:27:35.1199|1|ERROR|Microsoft.AspNetCore.Diagnostics.DeveloperExceptionPageMiddleware|An unhandled exception has occurred while executing the request. MySqlConnector.MySqlException (0x80004005): Table 'menggrocery.aspnetusers' doesn't exist
   at MySqlConnector.Core.ServerSession.ReceiveReplyAsyncAwaited(ValueTask`1 task) in /_/src/MySqlConnector/Core/ServerSession.cs:line 954
   at MySqlConnector.Core.ResultSet.ReadResultSetHeaderAsync(IOBehavior ioBehavior) in /_/src/MySqlConnector/Core/ResultSet.cs:line 44
   at MySqlConnector.MySqlDataReader.ActivateResultSet(CancellationToken cancellationToken) in /_/src/MySqlConnector/MySqlDataReader.cs:line 127
   at MySqlConnector.MySqlDataReader.CreateAsync(CommandListPosition commandListPosition, ICommandPayloadCreator payloadCreator, IDictionary`2 cachedProcedures, IMySqlCommand command, CommandBehavior behavior, Activity activity, IOBehavior ioBehavior, CancellationToken cancellationToken) in /_/src/MySqlConnector/MySqlDataReader.cs:line 456
   at MySqlConnector.Core.CommandExecutor.ExecuteReaderAsync(IReadOnlyList`1 commands, ICommandPayloadCreator payloadCreator, CommandBehavior behavior, Activity activity, IOBehavior ioBehavior, CancellationToken cancellationToken) in /_/src/MySqlConnector/Core/CommandExecutor.cs:line 56
   at MySqlConnector.MySqlCommand.ExecuteReaderAsync(CommandBehavior behavior, IOBehavior ioBehavior, CancellationToken cancellationToken) in /_/src/MySqlConnector/MySqlCommand.cs:line 330
   at MySqlConnector.MySqlCommand.ExecuteDbDataReaderAsync(CommandBehavior behavior, CancellationToken cancellationToken) in /_/src/MySqlConnector/MySqlCommand.cs:line 323
   at Microsoft.EntityFrameworkCore.Storage.RelationalCommand.ExecuteReaderAsync(RelationalCommandParameterObject parameterObject, CancellationToken cancellationToken)
   at Microsoft.EntityFrameworkCore.Storage.RelationalCommand.ExecuteReaderAsync(RelationalCommandParameterObject parameterObject, CancellationToken cancellationToken)
   at Microsoft.EntityFrameworkCore.Query.Internal.SingleQueryingEnumerable`1.AsyncEnumerator.InitializeReaderAsync(AsyncEnumerator enumerator, CancellationToken cancellationToken)
   at Pomelo.EntityFrameworkCore.MySql.Storage.Internal.MySqlExecutionStrategy.ExecuteAsync[TState,TResult](TState state, Func`4 operation, Func`4 verifySucceeded, CancellationToken cancellationToken)
   at Microsoft.EntityFrameworkCore.Query.Internal.SingleQueryingEnumerable`1.AsyncEnumerator.MoveNextAsync()
   at Microsoft.EntityFrameworkCore.Query.ShapedQueryCompilingExpressionVisitor.SingleOrDefaultAsync[TSource](IAsyncEnumerable`1 asyncEnumerable, CancellationToken cancellationToken)
   at Microsoft.EntityFrameworkCore.Query.ShapedQueryCompilingExpressionVisitor.SingleOrDefaultAsync[TSource](IAsyncEnumerable`1 asyncEnumerable, CancellationToken cancellationToken)
   at Microsoft.AspNetCore.Identity.UserManager`1.FindByNameAsync(String userName)
   at Microsoft.AspNetCore.Identity.UserValidator`1.ValidateUserName(UserManager`1 manager, TUser user, ICollection`1 errors)
   at Microsoft.AspNetCore.Identity.UserValidator`1.ValidateAsync(UserManager`1 manager, TUser user)
   at Microsoft.AspNetCore.Identity.UserManager`1.ValidateUserAsync(TUser user)
   at Microsoft.AspNetCore.Identity.UserManager`1.CreateAsync(TUser user)
   at Microsoft.AspNetCore.Identity.UserManager`1.CreateAsync(TUser user, String password)
   at AccountController.Register(RegisterViewModel model) in /Users/tiantian/Desktop/WorkSpace/MengGrocery/MengGrocery/Areas/Account/Controller/AccountController.cs:line 64
   at Microsoft.AspNetCore.Mvc.Infrastructure.ActionMethodExecutor.TaskOfIActionResultExecutor.Execute(IActionResultTypeMapper mapper, ObjectMethodExecutor executor, Object controller, Object[] arguments)
   at Microsoft.AspNetCore.Mvc.Infrastructure.ControllerActionInvoker.<InvokeActionMethodAsync>g__Awaited|12_0(ControllerActionInvoker invoker, ValueTask`1 actionResultValueTask)
   at Microsoft.AspNetCore.Mvc.Infrastructure.ControllerActionInvoker.<InvokeNextActionFilterAsync>g__Awaited|10_0(ControllerActionInvoker invoker, Task lastTask, State next, Scope scope, Object state, Boolean isCompleted)
   at Microsoft.AspNetCore.Mvc.Infrastructure.ControllerActionInvoker.Rethrow(ActionExecutedContextSealed context)
   at Microsoft.AspNetCore.Mvc.Infrastructure.ControllerActionInvoker.Next(State& next, Scope& scope, Object& state, Boolean& isCompleted)
   at Microsoft.AspNetCore.Mvc.Infrastructure.ControllerActionInvoker.<InvokeInnerFilterAsync>g__Awaited|13_0(ControllerActionInvoker invoker, Task lastTask, State next, Scope scope, Object state, Boolean isCompleted)
   at Microsoft.AspNetCore.Mvc.Infrastructure.ResourceInvoker.<InvokeNextResourceFilter>g__Awaited|25_0(ResourceInvoker invoker, Task lastTask, State next, Scope scope, Object state, Boolean isCompleted)
   at Microsoft.AspNetCore.Mvc.Infrastructure.ResourceInvoker.Rethrow(ResourceExecutedContextSealed context)
   at Microsoft.AspNetCore.Mvc.Infrastructure.ResourceInvoker.Next(State& next, Scope& scope, Object& state, Boolean& isCompleted)
   at Microsoft.AspNetCore.Mvc.Infrastructure.ResourceInvoker.<InvokeFilterPipelineAsync>g__Awaited|20_0(ResourceInvoker invoker, Task lastTask, State next, Scope scope, Object state, Boolean isCompleted)
   at Microsoft.AspNetCore.Mvc.Infrastructure.ResourceInvoker.<InvokeAsync>g__Awaited|17_0(ResourceInvoker invoker, Task task, IDisposable scope)
   at Microsoft.AspNetCore.Mvc.Infrastructure.ResourceInvoker.<InvokeAsync>g__Awaited|17_0(ResourceInvoker invoker, Task task, IDisposable scope)
   at Microsoft.AspNetCore.Routing.EndpointMiddleware.<Invoke>g__AwaitRequestTask|6_0(Endpoint endpoint, Task requestTask, ILogger logger)
   at Microsoft.AspNetCore.Authorization.AuthorizationMiddleware.Invoke(HttpContext context)
   at Microsoft.AspNetCore.Diagnostics.DeveloperExceptionPageMiddleware.Invoke(HttpContext context)
2024-08-10 08:35:32.1858|10403|INFO|Microsoft.EntityFrameworkCore.Infrastructure|Entity Framework Core 6.0.32 initialized 'ApplicationDbContext' using provider 'Pomelo.EntityFrameworkCore.MySql:6.0.3' with options: ServerVersion 8.3.0-mysql  
2024-08-10 08:36:15.8803|10403|INFO|Microsoft.EntityFrameworkCore.Infrastructure|Entity Framework Core 6.0.32 initialized 'ApplicationDbContext' using provider 'Pomelo.EntityFrameworkCore.MySql:6.0.3' with options: ServerVersion 8.3.0-mysql  
2024-08-10 08:36:15.9470|20101|INFO|Microsoft.EntityFrameworkCore.Database.Command|Executed DbCommand (5ms) [Parameters=[], CommandType='Text', CommandTimeout='30']
SELECT 1 FROM INFORMATION_SCHEMA.TABLES WHERE TABLE_SCHEMA='MengGrocery' AND TABLE_NAME='__EFMigrationsHistory'; 
2024-08-10 08:36:15.9613|20101|INFO|Microsoft.EntityFrameworkCore.Database.Command|Executed DbCommand (1ms) [Parameters=[], CommandType='Text', CommandTimeout='30']
SELECT 1 FROM INFORMATION_SCHEMA.TABLES WHERE TABLE_SCHEMA='MengGrocery' AND TABLE_NAME='__EFMigrationsHistory'; 
2024-08-10 08:36:15.9677|20101|INFO|Microsoft.EntityFrameworkCore.Database.Command|Executed DbCommand (1ms) [Parameters=[], CommandType='Text', CommandTimeout='30']
SELECT `MigrationId`, `ProductVersion`
FROM `__EFMigrationsHistory`
ORDER BY `MigrationId`; 
2024-08-10 08:36:15.9737|20405|INFO|Microsoft.EntityFrameworkCore.Migrations|No migrations were applied. The database is already up to date. 
2024-08-10 08:36:15.9863|14|INFO|Microsoft.Hosting.Lifetime|Now listening on: http://localhost:5129 
2024-08-10 08:36:15.9887|0|INFO|Microsoft.Hosting.Lifetime|Application started. Press Ctrl+C to shut down. 
2024-08-10 08:36:15.9887|0|INFO|Microsoft.Hosting.Lifetime|Hosting environment: Development 
2024-08-10 08:36:15.9892|0|INFO|Microsoft.Hosting.Lifetime|Content root path: /Users/tiantian/Desktop/WorkSpace/MengGrocery/MengGrocery/ 
2024-08-10 08:36:16.1435|3|WARN|Microsoft.AspNetCore.HttpsPolicy.HttpsRedirectionMiddleware|Failed to determine the https port for redirect. 
2024-08-10 08:36:59.5936|10403|INFO|Microsoft.EntityFrameworkCore.Infrastructure|Entity Framework Core 6.0.32 initialized 'ApplicationDbContext' using provider 'Pomelo.EntityFrameworkCore.MySql:6.0.3' with options: ServerVersion 8.3.0-mysql  
2024-08-10 08:36:59.6604|20101|INFO|Microsoft.EntityFrameworkCore.Database.Command|Executed DbCommand (6ms) [Parameters=[], CommandType='Text', CommandTimeout='30']
SELECT 1 FROM INFORMATION_SCHEMA.TABLES WHERE TABLE_SCHEMA='MengGrocery' AND TABLE_NAME='__EFMigrationsHistory'; 
2024-08-10 08:36:59.6755|20101|INFO|Microsoft.EntityFrameworkCore.Database.Command|Executed DbCommand (2ms) [Parameters=[], CommandType='Text', CommandTimeout='30']
SELECT 1 FROM INFORMATION_SCHEMA.TABLES WHERE TABLE_SCHEMA='MengGrocery' AND TABLE_NAME='__EFMigrationsHistory'; 
2024-08-10 08:36:59.6831|20101|INFO|Microsoft.EntityFrameworkCore.Database.Command|Executed DbCommand (1ms) [Parameters=[], CommandType='Text', CommandTimeout='30']
SELECT `MigrationId`, `ProductVersion`
FROM `__EFMigrationsHistory`
ORDER BY `MigrationId`; 
2024-08-10 08:36:59.6889|20405|INFO|Microsoft.EntityFrameworkCore.Migrations|No migrations were applied. The database is already up to date. 
2024-08-10 08:36:59.7022|14|INFO|Microsoft.Hosting.Lifetime|Now listening on: http://localhost:5129 
2024-08-10 08:36:59.7043|0|INFO|Microsoft.Hosting.Lifetime|Application started. Press Ctrl+C to shut down. 
2024-08-10 08:36:59.7043|0|INFO|Microsoft.Hosting.Lifetime|Hosting environment: Development 
2024-08-10 08:36:59.7043|0|INFO|Microsoft.Hosting.Lifetime|Content root path: /Users/tiantian/Desktop/WorkSpace/MengGrocery/MengGrocery/ 
2024-08-10 08:36:59.8094|3|WARN|Microsoft.AspNetCore.HttpsPolicy.HttpsRedirectionMiddleware|Failed to determine the https port for redirect. 
2024-08-10 08:43:38.8657|10403|INFO|Microsoft.EntityFrameworkCore.Infrastructure|Entity Framework Core 6.0.32 initialized 'ApplicationDbContext' using provider 'Pomelo.EntityFrameworkCore.MySql:6.0.3' with options: ServerVersion 8.3.0-mysql  
2024-08-10 08:43:38.9379|20101|INFO|Microsoft.EntityFrameworkCore.Database.Command|Executed DbCommand (6ms) [Parameters=[], CommandType='Text', CommandTimeout='30']
SELECT 1 FROM INFORMATION_SCHEMA.TABLES WHERE TABLE_SCHEMA='MengGrocery' AND TABLE_NAME='__EFMigrationsHistory'; 
2024-08-10 08:43:38.9498|20101|INFO|Microsoft.EntityFrameworkCore.Database.Command|Executed DbCommand (1ms) [Parameters=[], CommandType='Text', CommandTimeout='30']
SELECT 1 FROM INFORMATION_SCHEMA.TABLES WHERE TABLE_SCHEMA='MengGrocery' AND TABLE_NAME='__EFMigrationsHistory'; 
2024-08-10 08:43:38.9576|20101|INFO|Microsoft.EntityFrameworkCore.Database.Command|Executed DbCommand (1ms) [Parameters=[], CommandType='Text', CommandTimeout='30']
SELECT `MigrationId`, `ProductVersion`
FROM `__EFMigrationsHistory`
ORDER BY `MigrationId`; 
2024-08-10 08:43:38.9640|20402|INFO|Microsoft.EntityFrameworkCore.Migrations|Applying migration '20240810133532_CreateIdentitySchema'. 
2024-08-10 08:43:39.0001|20101|INFO|Microsoft.EntityFrameworkCore.Database.Command|Executed DbCommand (11ms) [Parameters=[], CommandType='Text', CommandTimeout='30']
ALTER DATABASE CHARACTER SET utf8mb4; 
2024-08-10 08:43:39.0183|20101|INFO|Microsoft.EntityFrameworkCore.Database.Command|Executed DbCommand (18ms) [Parameters=[], CommandType='Text', CommandTimeout='30']
CREATE TABLE `AspNetRoles` (
    `Id` varchar(255) CHARACTER SET utf8mb4 NOT NULL,
    `Name` varchar(256) CHARACTER SET utf8mb4 NULL,
    `NormalizedName` varchar(256) CHARACTER SET utf8mb4 NULL,
    `ConcurrencyStamp` longtext CHARACTER SET utf8mb4 NULL,
    CONSTRAINT `PK_AspNetRoles` PRIMARY KEY (`Id`)
) CHARACTER SET=utf8mb4; 
2024-08-10 08:43:39.0235|20101|INFO|Microsoft.EntityFrameworkCore.Database.Command|Executed DbCommand (5ms) [Parameters=[], CommandType='Text', CommandTimeout='30']
CREATE TABLE `AspNetUsers` (
    `Id` varchar(255) CHARACTER SET utf8mb4 NOT NULL,
    `UserName` varchar(256) CHARACTER SET utf8mb4 NULL,
    `NormalizedUserName` varchar(256) CHARACTER SET utf8mb4 NULL,
    `Email` varchar(256) CHARACTER SET utf8mb4 NULL,
    `NormalizedEmail` varchar(256) CHARACTER SET utf8mb4 NULL,
    `EmailConfirmed` tinyint(1) NOT NULL,
    `PasswordHash` longtext CHARACTER SET utf8mb4 NULL,
    `SecurityStamp` longtext CHARACTER SET utf8mb4 NULL,
    `ConcurrencyStamp` longtext CHARACTER SET utf8mb4 NULL,
    `PhoneNumber` longtext CHARACTER SET utf8mb4 NULL,
    `PhoneNumberConfirmed` tinyint(1) NOT NULL,
    `TwoFactorEnabled` tinyint(1) NOT NULL,
    `LockoutEnd` datetime(6) NULL,
    `LockoutEnabled` tinyint(1) NOT NULL,
    `AccessFailedCount` int NOT NULL,
    CONSTRAINT `PK_AspNetUsers` PRIMARY KEY (`Id`)
) CHARACTER SET=utf8mb4; 
2024-08-10 08:43:39.0291|20101|INFO|Microsoft.EntityFrameworkCore.Database.Command|Executed DbCommand (5ms) [Parameters=[], CommandType='Text', CommandTimeout='30']
CREATE TABLE `AspNetRoleClaims` (
    `Id` int NOT NULL AUTO_INCREMENT,
    `RoleId` varchar(255) CHARACTER SET utf8mb4 NOT NULL,
    `ClaimType` longtext CHARACTER SET utf8mb4 NULL,
    `ClaimValue` longtext CHARACTER SET utf8mb4 NULL,
    CONSTRAINT `PK_AspNetRoleClaims` PRIMARY KEY (`Id`),
    CONSTRAINT `FK_AspNetRoleClaims_AspNetRoles_RoleId` FOREIGN KEY (`RoleId`) REFERENCES `AspNetRoles` (`Id`) ON DELETE CASCADE
) CHARACTER SET=utf8mb4; 
2024-08-10 08:43:39.0340|20101|INFO|Microsoft.EntityFrameworkCore.Database.Command|Executed DbCommand (5ms) [Parameters=[], CommandType='Text', CommandTimeout='30']
CREATE TABLE `AspNetUserClaims` (
    `Id` int NOT NULL AUTO_INCREMENT,
    `UserId` varchar(255) CHARACTER SET utf8mb4 NOT NULL,
    `ClaimType` longtext CHARACTER SET utf8mb4 NULL,
    `ClaimValue` longtext CHARACTER SET utf8mb4 NULL,
    CONSTRAINT `PK_AspNetUserClaims` PRIMARY KEY (`Id`),
    CONSTRAINT `FK_AspNetUserClaims_AspNetUsers_UserId` FOREIGN KEY (`UserId`) REFERENCES `AspNetUsers` (`Id`) ON DELETE CASCADE
) CHARACTER SET=utf8mb4; 
2024-08-10 08:43:39.0387|20101|INFO|Microsoft.EntityFrameworkCore.Database.Command|Executed DbCommand (5ms) [Parameters=[], CommandType='Text', CommandTimeout='30']
CREATE TABLE `AspNetUserLogins` (
    `LoginProvider` varchar(128) CHARACTER SET utf8mb4 NOT NULL,
    `ProviderKey` varchar(128) CHARACTER SET utf8mb4 NOT NULL,
    `ProviderDisplayName` longtext CHARACTER SET utf8mb4 NULL,
    `UserId` varchar(255) CHARACTER SET utf8mb4 NOT NULL,
    CONSTRAINT `PK_AspNetUserLogins` PRIMARY KEY (`LoginProvider`, `ProviderKey`),
    CONSTRAINT `FK_AspNetUserLogins_AspNetUsers_UserId` FOREIGN KEY (`UserId`) REFERENCES `AspNetUsers` (`Id`) ON DELETE CASCADE
) CHARACTER SET=utf8mb4; 
2024-08-10 08:43:39.0448|20101|INFO|Microsoft.EntityFrameworkCore.Database.Command|Executed DbCommand (6ms) [Parameters=[], CommandType='Text', CommandTimeout='30']
CREATE TABLE `AspNetUserRoles` (
    `UserId` varchar(255) CHARACTER SET utf8mb4 NOT NULL,
    `RoleId` varchar(255) CHARACTER SET utf8mb4 NOT NULL,
    CONSTRAINT `PK_AspNetUserRoles` PRIMARY KEY (`UserId`, `RoleId`),
    CONSTRAINT `FK_AspNetUserRoles_AspNetRoles_RoleId` FOREIGN KEY (`RoleId`) REFERENCES `AspNetRoles` (`Id`) ON DELETE CASCADE,
    CONSTRAINT `FK_AspNetUserRoles_AspNetUsers_UserId` FOREIGN KEY (`UserId`) REFERENCES `AspNetUsers` (`Id`) ON DELETE CASCADE
) CHARACTER SET=utf8mb4; 
2024-08-10 08:43:39.0499|20101|INFO|Microsoft.EntityFrameworkCore.Database.Command|Executed DbCommand (5ms) [Parameters=[], CommandType='Text', CommandTimeout='30']
CREATE TABLE `AspNetUserTokens` (
    `UserId` varchar(255) CHARACTER SET utf8mb4 NOT NULL,
    `LoginProvider` varchar(128) CHARACTER SET utf8mb4 NOT NULL,
    `Name` varchar(128) CHARACTER SET utf8mb4 NOT NULL,
    `Value` longtext CHARACTER SET utf8mb4 NULL,
    CONSTRAINT `PK_AspNetUserTokens` PRIMARY KEY (`UserId`, `LoginProvider`, `Name`),
    CONSTRAINT `FK_AspNetUserTokens_AspNetUsers_UserId` FOREIGN KEY (`UserId`) REFERENCES `AspNetUsers` (`Id`) ON DELETE CASCADE
) CHARACTER SET=utf8mb4; 
2024-08-10 08:43:39.0581|20101|INFO|Microsoft.EntityFrameworkCore.Database.Command|Executed DbCommand (8ms) [Parameters=[], CommandType='Text', CommandTimeout='30']
CREATE INDEX `IX_AspNetRoleClaims_RoleId` ON `AspNetRoleClaims` (`RoleId`); 
2024-08-10 08:43:39.0652|20101|INFO|Microsoft.EntityFrameworkCore.Database.Command|Executed DbCommand (7ms) [Parameters=[], CommandType='Text', CommandTimeout='30']
CREATE UNIQUE INDEX `RoleNameIndex` ON `AspNetRoles` (`NormalizedName`); 
2024-08-10 08:43:39.0685|20101|INFO|Microsoft.EntityFrameworkCore.Database.Command|Executed DbCommand (3ms) [Parameters=[], CommandType='Text', CommandTimeout='30']
CREATE INDEX `IX_AspNetUserClaims_UserId` ON `AspNetUserClaims` (`UserId`); 
2024-08-10 08:43:39.0719|20101|INFO|Microsoft.EntityFrameworkCore.Database.Command|Executed DbCommand (3ms) [Parameters=[], CommandType='Text', CommandTimeout='30']
CREATE INDEX `IX_AspNetUserLogins_UserId` ON `AspNetUserLogins` (`UserId`); 
2024-08-10 08:43:39.0786|20101|INFO|Microsoft.EntityFrameworkCore.Database.Command|Executed DbCommand (7ms) [Parameters=[], CommandType='Text', CommandTimeout='30']
CREATE INDEX `IX_AspNetUserRoles_RoleId` ON `AspNetUserRoles` (`RoleId`); 
2024-08-10 08:43:39.0855|20101|INFO|Microsoft.EntityFrameworkCore.Database.Command|Executed DbCommand (7ms) [Parameters=[], CommandType='Text', CommandTimeout='30']
CREATE INDEX `EmailIndex` ON `AspNetUsers` (`NormalizedEmail`); 
2024-08-10 08:43:39.0936|20101|INFO|Microsoft.EntityFrameworkCore.Database.Command|Executed DbCommand (8ms) [Parameters=[], CommandType='Text', CommandTimeout='30']
CREATE UNIQUE INDEX `UserNameIndex` ON `AspNetUsers` (`NormalizedUserName`); 
2024-08-10 08:43:39.0947|20101|INFO|Microsoft.EntityFrameworkCore.Database.Command|Executed DbCommand (1ms) [Parameters=[], CommandType='Text', CommandTimeout='30']
INSERT INTO `__EFMigrationsHistory` (`MigrationId`, `ProductVersion`)
VALUES ('20240810133532_CreateIdentitySchema', '6.0.32'); 
2024-08-10 08:43:39.1104|14|INFO|Microsoft.Hosting.Lifetime|Now listening on: http://localhost:5129 
2024-08-10 08:43:39.1145|0|INFO|Microsoft.Hosting.Lifetime|Application started. Press Ctrl+C to shut down. 
2024-08-10 08:43:39.1146|0|INFO|Microsoft.Hosting.Lifetime|Hosting environment: Development 
2024-08-10 08:43:39.1146|0|INFO|Microsoft.Hosting.Lifetime|Content root path: /Users/tiantian/Desktop/WorkSpace/MengGrocery/MengGrocery/ 
2024-08-10 08:43:39.2417|3|WARN|Microsoft.AspNetCore.HttpsPolicy.HttpsRedirectionMiddleware|Failed to determine the https port for redirect. 
2024-08-10 08:44:00.9906|10403|INFO|Microsoft.EntityFrameworkCore.Infrastructure|Entity Framework Core 6.0.32 initialized 'ApplicationDbContext' using provider 'Pomelo.EntityFrameworkCore.MySql:6.0.3' with options: ServerVersion 8.3.0-mysql  
2024-08-10 08:44:01.1260|20101|INFO|Microsoft.EntityFrameworkCore.Database.Command|Executed DbCommand (10ms) [Parameters=[@__normalizedUserName_0='?' (Size = 256)], CommandType='Text', CommandTimeout='30']
SELECT `a`.`Id`, `a`.`AccessFailedCount`, `a`.`ConcurrencyStamp`, `a`.`Email`, `a`.`EmailConfirmed`, `a`.`LockoutEnabled`, `a`.`LockoutEnd`, `a`.`NormalizedEmail`, `a`.`NormalizedUserName`, `a`.`PasswordHash`, `a`.`PhoneNumber`, `a`.`PhoneNumberConfirmed`, `a`.`SecurityStamp`, `a`.`TwoFactorEnabled`, `a`.`UserName`
FROM `AspNetUsers` AS `a`
WHERE `a`.`NormalizedUserName` = @__normalizedUserName_0
LIMIT 1 
2024-08-10 08:44:01.1957|20101|INFO|Microsoft.EntityFrameworkCore.Database.Command|Executed DbCommand (2ms) [Parameters=[@p0='?' (Size = 255), @p1='?' (DbType = Int32), @p2='?' (Size = 4000), @p3='?' (Size = 256), @p4='?' (DbType = Boolean), @p5='?' (DbType = Boolean), @p6='?' (DbType = DateTimeOffset), @p7='?' (Size = 256), @p8='?' (Size = 256), @p9='?' (Size = 4000), @p10='?' (Size = 4000), @p11='?' (DbType = Boolean), @p12='?' (Size = 4000), @p13='?' (DbType = Boolean), @p14='?' (Size = 256)], CommandType='Text', CommandTimeout='30']
INSERT INTO `AspNetUsers` (`Id`, `AccessFailedCount`, `ConcurrencyStamp`, `Email`, `EmailConfirmed`, `LockoutEnabled`, `LockoutEnd`, `NormalizedEmail`, `NormalizedUserName`, `PasswordHash`, `PhoneNumber`, `PhoneNumberConfirmed`, `SecurityStamp`, `TwoFactorEnabled`, `UserName`)
VALUES (@p0, @p1, @p2, @p3, @p4, @p5, @p6, @p7, @p8, @p9, @p10, @p11, @p12, @p13, @p14); 
2024-08-10 08:44:01.2306|20101|INFO|Microsoft.EntityFrameworkCore.Database.Command|Executed DbCommand (1ms) [Parameters=[@__user_Id_0='?' (Size = 255)], CommandType='Text', CommandTimeout='30']
SELECT `a`.`Id`, `a`.`ClaimType`, `a`.`ClaimValue`, `a`.`UserId`
FROM `AspNetUserClaims` AS `a`
WHERE `a`.`UserId` = @__user_Id_0 
2024-08-10 08:45:24.2186|10403|INFO|Microsoft.EntityFrameworkCore.Infrastructure|Entity Framework Core 6.0.32 initialized 'ApplicationDbContext' using provider 'Pomelo.EntityFrameworkCore.MySql:6.0.3' with options: ServerVersion 8.3.0-mysql  
2024-08-10 08:45:24.2241|20101|INFO|Microsoft.EntityFrameworkCore.Database.Command|Executed DbCommand (1ms) [Parameters=[@__normalizedUserName_0='?' (Size = 256)], CommandType='Text', CommandTimeout='30']
SELECT `a`.`Id`, `a`.`AccessFailedCount`, `a`.`ConcurrencyStamp`, `a`.`Email`, `a`.`EmailConfirmed`, `a`.`LockoutEnabled`, `a`.`LockoutEnd`, `a`.`NormalizedEmail`, `a`.`NormalizedUserName`, `a`.`PasswordHash`, `a`.`PhoneNumber`, `a`.`PhoneNumberConfirmed`, `a`.`SecurityStamp`, `a`.`TwoFactorEnabled`, `a`.`UserName`
FROM `AspNetUsers` AS `a`
WHERE `a`.`NormalizedUserName` = @__normalizedUserName_0
LIMIT 1 
2024-08-10 08:45:24.2292|20101|INFO|Microsoft.EntityFrameworkCore.Database.Command|Executed DbCommand (1ms) [Parameters=[@p0='?' (Size = 255), @p1='?' (DbType = Int32), @p2='?' (Size = 4000), @p3='?' (Size = 256), @p4='?' (DbType = Boolean), @p5='?' (DbType = Boolean), @p6='?' (DbType = DateTimeOffset), @p7='?' (Size = 256), @p8='?' (Size = 256), @p9='?' (Size = 4000), @p10='?' (Size = 4000), @p11='?' (DbType = Boolean), @p12='?' (Size = 4000), @p13='?' (DbType = Boolean), @p14='?' (Size = 256)], CommandType='Text', CommandTimeout='30']
INSERT INTO `AspNetUsers` (`Id`, `AccessFailedCount`, `ConcurrencyStamp`, `Email`, `EmailConfirmed`, `LockoutEnabled`, `LockoutEnd`, `NormalizedEmail`, `NormalizedUserName`, `PasswordHash`, `PhoneNumber`, `PhoneNumberConfirmed`, `SecurityStamp`, `TwoFactorEnabled`, `UserName`)
VALUES (@p0, @p1, @p2, @p3, @p4, @p5, @p6, @p7, @p8, @p9, @p10, @p11, @p12, @p13, @p14); 
2024-08-10 08:45:24.2323|20101|INFO|Microsoft.EntityFrameworkCore.Database.Command|Executed DbCommand (1ms) [Parameters=[@__user_Id_0='?' (Size = 255)], CommandType='Text', CommandTimeout='30']
SELECT `a`.`Id`, `a`.`ClaimType`, `a`.`ClaimValue`, `a`.`UserId`
FROM `AspNetUserClaims` AS `a`
WHERE `a`.`UserId` = @__user_Id_0 
2024-08-10 08:45:34.1237|10403|INFO|Microsoft.EntityFrameworkCore.Infrastructure|Entity Framework Core 6.0.32 initialized 'ApplicationDbContext' using provider 'Pomelo.EntityFrameworkCore.MySql:6.0.3' with options: ServerVersion 8.3.0-mysql  
2024-08-10 08:45:34.1275|20101|INFO|Microsoft.EntityFrameworkCore.Database.Command|Executed DbCommand (1ms) [Parameters=[@__normalizedUserName_0='?' (Size = 256)], CommandType='Text', CommandTimeout='30']
SELECT `a`.`Id`, `a`.`AccessFailedCount`, `a`.`ConcurrencyStamp`, `a`.`Email`, `a`.`EmailConfirmed`, `a`.`LockoutEnabled`, `a`.`LockoutEnd`, `a`.`NormalizedEmail`, `a`.`NormalizedUserName`, `a`.`PasswordHash`, `a`.`PhoneNumber`, `a`.`PhoneNumberConfirmed`, `a`.`SecurityStamp`, `a`.`TwoFactorEnabled`, `a`.`UserName`
FROM `AspNetUsers` AS `a`
WHERE `a`.`NormalizedUserName` = @__normalizedUserName_0
LIMIT 1 
2024-08-10 08:45:34.1417|20101|INFO|Microsoft.EntityFrameworkCore.Database.Command|Executed DbCommand (1ms) [Parameters=[@__user_Id_0='?' (Size = 255)], CommandType='Text', CommandTimeout='30']
SELECT `a`.`Id`, `a`.`ClaimType`, `a`.`ClaimValue`, `a`.`UserId`
FROM `AspNetUserClaims` AS `a`
WHERE `a`.`UserId` = @__user_Id_0 
2024-08-10 08:48:29.8689|10403|INFO|Microsoft.EntityFrameworkCore.Infrastructure|Entity Framework Core 6.0.32 initialized 'ApplicationDbContext' using provider 'Pomelo.EntityFrameworkCore.MySql:6.0.3' with options: ServerVersion 8.3.0-mysql  
2024-08-10 08:48:30.0288|20101|INFO|Microsoft.EntityFrameworkCore.Database.Command|Executed DbCommand (22ms) [Parameters=[], CommandType='Text', CommandTimeout='30']
SELECT 1 FROM INFORMATION_SCHEMA.TABLES WHERE TABLE_SCHEMA='MengGrocery' AND TABLE_NAME='__EFMigrationsHistory'; 
2024-08-10 08:48:30.0842|20101|INFO|Microsoft.EntityFrameworkCore.Database.Command|Executed DbCommand (2ms) [Parameters=[], CommandType='Text', CommandTimeout='30']
SELECT 1 FROM INFORMATION_SCHEMA.TABLES WHERE TABLE_SCHEMA='MengGrocery' AND TABLE_NAME='__EFMigrationsHistory'; 
2024-08-10 08:48:30.1170|20101|INFO|Microsoft.EntityFrameworkCore.Database.Command|Executed DbCommand (3ms) [Parameters=[], CommandType='Text', CommandTimeout='30']
SELECT `MigrationId`, `ProductVersion`
FROM `__EFMigrationsHistory`
ORDER BY `MigrationId`; 
2024-08-10 08:48:30.1352|20405|INFO|Microsoft.EntityFrameworkCore.Migrations|No migrations were applied. The database is already up to date. 
2024-08-10 08:48:30.1840|14|INFO|Microsoft.Hosting.Lifetime|Now listening on: http://localhost:5129 
2024-08-10 08:48:30.1917|0|INFO|Microsoft.Hosting.Lifetime|Application started. Press Ctrl+C to shut down. 
2024-08-10 08:48:30.1923|0|INFO|Microsoft.Hosting.Lifetime|Hosting environment: Development 
2024-08-10 08:48:30.2165|0|INFO|Microsoft.Hosting.Lifetime|Content root path: /Users/tiantian/Desktop/WorkSpace/MengGrocery/MengGrocery/ 
2024-08-10 08:48:30.6441|3|WARN|Microsoft.AspNetCore.HttpsPolicy.HttpsRedirectionMiddleware|Failed to determine the https port for redirect. 
2024-08-10 08:50:18.6718|10403|INFO|Microsoft.EntityFrameworkCore.Infrastructure|Entity Framework Core 6.0.32 initialized 'ApplicationDbContext' using provider 'Pomelo.EntityFrameworkCore.MySql:6.0.3' with options: ServerVersion 8.3.0-mysql  
2024-08-10 08:50:18.9382|20101|INFO|Microsoft.EntityFrameworkCore.Database.Command|Executed DbCommand (13ms) [Parameters=[@__normalizedUserName_0='?' (Size = 256)], CommandType='Text', CommandTimeout='30']
SELECT `a`.`Id`, `a`.`AccessFailedCount`, `a`.`ConcurrencyStamp`, `a`.`Email`, `a`.`EmailConfirmed`, `a`.`LockoutEnabled`, `a`.`LockoutEnd`, `a`.`NormalizedEmail`, `a`.`NormalizedUserName`, `a`.`PasswordHash`, `a`.`PhoneNumber`, `a`.`PhoneNumberConfirmed`, `a`.`SecurityStamp`, `a`.`TwoFactorEnabled`, `a`.`UserName`
FROM `AspNetUsers` AS `a`
WHERE `a`.`NormalizedUserName` = @__normalizedUserName_0
LIMIT 1 
2024-08-10 08:50:19.0345|20101|INFO|Microsoft.EntityFrameworkCore.Database.Command|Executed DbCommand (3ms) [Parameters=[@__user_Id_0='?' (Size = 255)], CommandType='Text', CommandTimeout='30']
SELECT `a`.`Id`, `a`.`ClaimType`, `a`.`ClaimValue`, `a`.`UserId`
FROM `AspNetUserClaims` AS `a`
WHERE `a`.`UserId` = @__user_Id_0 
2024-08-10 08:51:18.1177|10403|INFO|Microsoft.EntityFrameworkCore.Infrastructure|Entity Framework Core 6.0.32 initialized 'ApplicationDbContext' using provider 'Pomelo.EntityFrameworkCore.MySql:6.0.3' with options: ServerVersion 8.3.0-mysql  
2024-08-10 08:51:18.2089|20101|INFO|Microsoft.EntityFrameworkCore.Database.Command|Executed DbCommand (78ms) [Parameters=[@__normalizedUserName_0='?' (Size = 256)], CommandType='Text', CommandTimeout='30']
SELECT `a`.`Id`, `a`.`AccessFailedCount`, `a`.`ConcurrencyStamp`, `a`.`Email`, `a`.`EmailConfirmed`, `a`.`LockoutEnabled`, `a`.`LockoutEnd`, `a`.`NormalizedEmail`, `a`.`NormalizedUserName`, `a`.`PasswordHash`, `a`.`PhoneNumber`, `a`.`PhoneNumberConfirmed`, `a`.`SecurityStamp`, `a`.`TwoFactorEnabled`, `a`.`UserName`
FROM `AspNetUsers` AS `a`
WHERE `a`.`NormalizedUserName` = @__normalizedUserName_0
LIMIT 1 
2024-08-10 08:51:18.2727|20101|INFO|Microsoft.EntityFrameworkCore.Database.Command|Executed DbCommand (51ms) [Parameters=[@__user_Id_0='?' (Size = 255)], CommandType='Text', CommandTimeout='30']
SELECT `a`.`Id`, `a`.`ClaimType`, `a`.`ClaimValue`, `a`.`UserId`
FROM `AspNetUserClaims` AS `a`
WHERE `a`.`UserId` = @__user_Id_0 
2024-08-10 08:53:20.4452|10403|INFO|Microsoft.EntityFrameworkCore.Infrastructure|Entity Framework Core 6.0.32 initialized 'ApplicationDbContext' using provider 'Pomelo.EntityFrameworkCore.MySql:6.0.3' with options: ServerVersion 8.3.0-mysql  
2024-08-10 08:53:20.8146|20101|INFO|Microsoft.EntityFrameworkCore.Database.Command|Executed DbCommand (203ms) [Parameters=[@__normalizedUserName_0='?' (Size = 256)], CommandType='Text', CommandTimeout='30']
SELECT `a`.`Id`, `a`.`AccessFailedCount`, `a`.`ConcurrencyStamp`, `a`.`Email`, `a`.`EmailConfirmed`, `a`.`LockoutEnabled`, `a`.`LockoutEnd`, `a`.`NormalizedEmail`, `a`.`NormalizedUserName`, `a`.`PasswordHash`, `a`.`PhoneNumber`, `a`.`PhoneNumberConfirmed`, `a`.`SecurityStamp`, `a`.`TwoFactorEnabled`, `a`.`UserName`
FROM `AspNetUsers` AS `a`
WHERE `a`.`NormalizedUserName` = @__normalizedUserName_0
LIMIT 1 
2024-08-10 08:53:20.8695|20101|INFO|Microsoft.EntityFrameworkCore.Database.Command|Executed DbCommand (1ms) [Parameters=[@__user_Id_0='?' (Size = 255)], CommandType='Text', CommandTimeout='30']
SELECT `a`.`Id`, `a`.`ClaimType`, `a`.`ClaimValue`, `a`.`UserId`
FROM `AspNetUserClaims` AS `a`
WHERE `a`.`UserId` = @__user_Id_0 
2024-08-10 09:00:25.9084|10403|INFO|Microsoft.EntityFrameworkCore.Infrastructure|Entity Framework Core 6.0.32 initialized 'ApplicationDbContext' using provider 'Pomelo.EntityFrameworkCore.MySql:6.0.3' with options: ServerVersion 8.3.0-mysql  
2024-08-10 09:00:26.0058|20101|INFO|Microsoft.EntityFrameworkCore.Database.Command|Executed DbCommand (9ms) [Parameters=[], CommandType='Text', CommandTimeout='30']
SELECT 1 FROM INFORMATION_SCHEMA.TABLES WHERE TABLE_SCHEMA='MengGrocery' AND TABLE_NAME='__EFMigrationsHistory'; 
2024-08-10 09:00:26.0245|20101|INFO|Microsoft.EntityFrameworkCore.Database.Command|Executed DbCommand (1ms) [Parameters=[], CommandType='Text', CommandTimeout='30']
SELECT 1 FROM INFORMATION_SCHEMA.TABLES WHERE TABLE_SCHEMA='MengGrocery' AND TABLE_NAME='__EFMigrationsHistory'; 
2024-08-10 09:00:26.0377|20101|INFO|Microsoft.EntityFrameworkCore.Database.Command|Executed DbCommand (2ms) [Parameters=[], CommandType='Text', CommandTimeout='30']
SELECT `MigrationId`, `ProductVersion`
FROM `__EFMigrationsHistory`
ORDER BY `MigrationId`; 
2024-08-10 09:00:26.0475|20405|INFO|Microsoft.EntityFrameworkCore.Migrations|No migrations were applied. The database is already up to date. 
2024-08-10 09:00:26.0737|14|INFO|Microsoft.Hosting.Lifetime|Now listening on: http://localhost:5129 
2024-08-10 09:00:26.0809|0|INFO|Microsoft.Hosting.Lifetime|Application started. Press Ctrl+C to shut down. 
2024-08-10 09:00:26.0809|0|INFO|Microsoft.Hosting.Lifetime|Hosting environment: Development 
2024-08-10 09:00:26.0820|0|INFO|Microsoft.Hosting.Lifetime|Content root path: /Users/tiantian/Desktop/WorkSpace/MengGrocery/MengGrocery/ 
2024-08-10 09:00:26.2970|3|WARN|Microsoft.AspNetCore.HttpsPolicy.HttpsRedirectionMiddleware|Failed to determine the https port for redirect. 
2024-08-10 09:00:45.4398|10403|INFO|Microsoft.EntityFrameworkCore.Infrastructure|Entity Framework Core 6.0.32 initialized 'ApplicationDbContext' using provider 'Pomelo.EntityFrameworkCore.MySql:6.0.3' with options: ServerVersion 8.3.0-mysql  
2024-08-10 09:00:45.6983|20101|INFO|Microsoft.EntityFrameworkCore.Database.Command|Executed DbCommand (13ms) [Parameters=[@__normalizedUserName_0='?' (Size = 256)], CommandType='Text', CommandTimeout='30']
SELECT `a`.`Id`, `a`.`AccessFailedCount`, `a`.`ConcurrencyStamp`, `a`.`Email`, `a`.`EmailConfirmed`, `a`.`LockoutEnabled`, `a`.`LockoutEnd`, `a`.`NormalizedEmail`, `a`.`NormalizedUserName`, `a`.`PasswordHash`, `a`.`PhoneNumber`, `a`.`PhoneNumberConfirmed`, `a`.`SecurityStamp`, `a`.`TwoFactorEnabled`, `a`.`UserName`
FROM `AspNetUsers` AS `a`
WHERE `a`.`NormalizedUserName` = @__normalizedUserName_0
LIMIT 1 
2024-08-10 09:00:45.7871|20101|INFO|Microsoft.EntityFrameworkCore.Database.Command|Executed DbCommand (2ms) [Parameters=[@__user_Id_0='?' (Size = 255)], CommandType='Text', CommandTimeout='30']
SELECT `a`.`Id`, `a`.`ClaimType`, `a`.`ClaimValue`, `a`.`UserId`
FROM `AspNetUserClaims` AS `a`
WHERE `a`.`UserId` = @__user_Id_0 
2024-08-10 09:01:44.9201|10403|INFO|Microsoft.EntityFrameworkCore.Infrastructure|Entity Framework Core 6.0.32 initialized 'ApplicationDbContext' using provider 'Pomelo.EntityFrameworkCore.MySql:6.0.3' with options: ServerVersion 8.3.0-mysql  
2024-08-10 09:01:44.9847|20101|INFO|Microsoft.EntityFrameworkCore.Database.Command|Executed DbCommand (6ms) [Parameters=[], CommandType='Text', CommandTimeout='30']
SELECT 1 FROM INFORMATION_SCHEMA.TABLES WHERE TABLE_SCHEMA='MengGrocery' AND TABLE_NAME='__EFMigrationsHistory'; 
2024-08-10 09:01:44.9962|20101|INFO|Microsoft.EntityFrameworkCore.Database.Command|Executed DbCommand (1ms) [Parameters=[], CommandType='Text', CommandTimeout='30']
SELECT 1 FROM INFORMATION_SCHEMA.TABLES WHERE TABLE_SCHEMA='MengGrocery' AND TABLE_NAME='__EFMigrationsHistory'; 
2024-08-10 09:01:45.0030|20101|INFO|Microsoft.EntityFrameworkCore.Database.Command|Executed DbCommand (1ms) [Parameters=[], CommandType='Text', CommandTimeout='30']
SELECT `MigrationId`, `ProductVersion`
FROM `__EFMigrationsHistory`
ORDER BY `MigrationId`; 
2024-08-10 09:01:45.0091|20405|INFO|Microsoft.EntityFrameworkCore.Migrations|No migrations were applied. The database is already up to date. 
2024-08-10 09:01:45.0234|14|INFO|Microsoft.Hosting.Lifetime|Now listening on: http://localhost:5129 
2024-08-10 09:01:45.0262|0|INFO|Microsoft.Hosting.Lifetime|Application started. Press Ctrl+C to shut down. 
2024-08-10 09:01:45.0262|0|INFO|Microsoft.Hosting.Lifetime|Hosting environment: Development 
2024-08-10 09:01:45.0267|0|INFO|Microsoft.Hosting.Lifetime|Content root path: /Users/tiantian/Desktop/WorkSpace/MengGrocery/MengGrocery/ 
2024-08-10 09:01:45.1316|3|WARN|Microsoft.AspNetCore.HttpsPolicy.HttpsRedirectionMiddleware|Failed to determine the https port for redirect. 
2024-08-10 09:01:52.1138|10403|INFO|Microsoft.EntityFrameworkCore.Infrastructure|Entity Framework Core 6.0.32 initialized 'ApplicationDbContext' using provider 'Pomelo.EntityFrameworkCore.MySql:6.0.3' with options: ServerVersion 8.3.0-mysql  
2024-08-10 09:01:52.2052|20101|INFO|Microsoft.EntityFrameworkCore.Database.Command|Executed DbCommand (8ms) [Parameters=[], CommandType='Text', CommandTimeout='30']
SELECT 1 FROM INFORMATION_SCHEMA.TABLES WHERE TABLE_SCHEMA='MengGrocery' AND TABLE_NAME='__EFMigrationsHistory'; 
2024-08-10 09:01:52.2230|20101|INFO|Microsoft.EntityFrameworkCore.Database.Command|Executed DbCommand (1ms) [Parameters=[], CommandType='Text', CommandTimeout='30']
SELECT 1 FROM INFORMATION_SCHEMA.TABLES WHERE TABLE_SCHEMA='MengGrocery' AND TABLE_NAME='__EFMigrationsHistory'; 
2024-08-10 09:01:52.2357|20101|INFO|Microsoft.EntityFrameworkCore.Database.Command|Executed DbCommand (2ms) [Parameters=[], CommandType='Text', CommandTimeout='30']
SELECT `MigrationId`, `ProductVersion`
FROM `__EFMigrationsHistory`
ORDER BY `MigrationId`; 
2024-08-10 09:01:52.2451|20405|INFO|Microsoft.EntityFrameworkCore.Migrations|No migrations were applied. The database is already up to date. 
2024-08-10 09:02:08.0326|10403|INFO|Microsoft.EntityFrameworkCore.Infrastructure|Entity Framework Core 6.0.32 initialized 'ApplicationDbContext' using provider 'Pomelo.EntityFrameworkCore.MySql:6.0.3' with options: ServerVersion 8.3.0-mysql  
2024-08-10 09:02:08.1286|20101|INFO|Microsoft.EntityFrameworkCore.Database.Command|Executed DbCommand (9ms) [Parameters=[], CommandType='Text', CommandTimeout='30']
SELECT 1 FROM INFORMATION_SCHEMA.TABLES WHERE TABLE_SCHEMA='MengGrocery' AND TABLE_NAME='__EFMigrationsHistory'; 
2024-08-10 09:02:08.1465|20101|INFO|Microsoft.EntityFrameworkCore.Database.Command|Executed DbCommand (1ms) [Parameters=[], CommandType='Text', CommandTimeout='30']
SELECT 1 FROM INFORMATION_SCHEMA.TABLES WHERE TABLE_SCHEMA='MengGrocery' AND TABLE_NAME='__EFMigrationsHistory'; 
2024-08-10 09:02:08.1602|20101|INFO|Microsoft.EntityFrameworkCore.Database.Command|Executed DbCommand (2ms) [Parameters=[], CommandType='Text', CommandTimeout='30']
SELECT `MigrationId`, `ProductVersion`
FROM `__EFMigrationsHistory`
ORDER BY `MigrationId`; 
2024-08-10 09:02:08.1697|20405|INFO|Microsoft.EntityFrameworkCore.Migrations|No migrations were applied. The database is already up to date. 
2024-08-10 09:02:08.1948|14|INFO|Microsoft.Hosting.Lifetime|Now listening on: http://localhost:5129 
2024-08-10 09:02:08.2002|0|INFO|Microsoft.Hosting.Lifetime|Application started. Press Ctrl+C to shut down. 
2024-08-10 09:02:08.2006|0|INFO|Microsoft.Hosting.Lifetime|Hosting environment: Development 
2024-08-10 09:02:08.2006|0|INFO|Microsoft.Hosting.Lifetime|Content root path: /Users/tiantian/Desktop/WorkSpace/MengGrocery/MengGrocery/ 
2024-08-10 09:02:08.3496|3|WARN|Microsoft.AspNetCore.HttpsPolicy.HttpsRedirectionMiddleware|Failed to determine the https port for redirect. 
2024-08-10 09:02:49.0707|10403|INFO|Microsoft.EntityFrameworkCore.Infrastructure|Entity Framework Core 6.0.32 initialized 'ApplicationDbContext' using provider 'Pomelo.EntityFrameworkCore.MySql:6.0.3' with options: ServerVersion 8.3.0-mysql  
2024-08-10 09:02:49.3476|20101|INFO|Microsoft.EntityFrameworkCore.Database.Command|Executed DbCommand (13ms) [Parameters=[@__normalizedUserName_0='?' (Size = 256)], CommandType='Text', CommandTimeout='30']
SELECT `a`.`Id`, `a`.`AccessFailedCount`, `a`.`ConcurrencyStamp`, `a`.`Email`, `a`.`EmailConfirmed`, `a`.`LockoutEnabled`, `a`.`LockoutEnd`, `a`.`NormalizedEmail`, `a`.`NormalizedUserName`, `a`.`PasswordHash`, `a`.`PhoneNumber`, `a`.`PhoneNumberConfirmed`, `a`.`SecurityStamp`, `a`.`TwoFactorEnabled`, `a`.`UserName`
FROM `AspNetUsers` AS `a`
WHERE `a`.`NormalizedUserName` = @__normalizedUserName_0
LIMIT 1 
2024-08-10 09:02:49.4350|20101|INFO|Microsoft.EntityFrameworkCore.Database.Command|Executed DbCommand (2ms) [Parameters=[@__user_Id_0='?' (Size = 255)], CommandType='Text', CommandTimeout='30']
SELECT `a`.`Id`, `a`.`ClaimType`, `a`.`ClaimValue`, `a`.`UserId`
FROM `AspNetUserClaims` AS `a`
WHERE `a`.`UserId` = @__user_Id_0 
2024-08-10 09:05:13.4159|10403|INFO|Microsoft.EntityFrameworkCore.Infrastructure|Entity Framework Core 6.0.32 initialized 'ApplicationDbContext' using provider 'Pomelo.EntityFrameworkCore.MySql:6.0.3' with options: ServerVersion 8.3.0-mysql  
2024-08-10 09:05:13.5189|20101|INFO|Microsoft.EntityFrameworkCore.Database.Command|Executed DbCommand (9ms) [Parameters=[], CommandType='Text', CommandTimeout='30']
SELECT 1 FROM INFORMATION_SCHEMA.TABLES WHERE TABLE_SCHEMA='MengGrocery' AND TABLE_NAME='__EFMigrationsHistory'; 
2024-08-10 09:05:13.5374|20101|INFO|Microsoft.EntityFrameworkCore.Database.Command|Executed DbCommand (1ms) [Parameters=[], CommandType='Text', CommandTimeout='30']
SELECT 1 FROM INFORMATION_SCHEMA.TABLES WHERE TABLE_SCHEMA='MengGrocery' AND TABLE_NAME='__EFMigrationsHistory'; 
2024-08-10 09:05:13.5516|20101|INFO|Microsoft.EntityFrameworkCore.Database.Command|Executed DbCommand (2ms) [Parameters=[], CommandType='Text', CommandTimeout='30']
SELECT `MigrationId`, `ProductVersion`
FROM `__EFMigrationsHistory`
ORDER BY `MigrationId`; 
2024-08-10 09:05:13.5625|20405|INFO|Microsoft.EntityFrameworkCore.Migrations|No migrations were applied. The database is already up to date. 
2024-08-10 09:05:13.5906|14|INFO|Microsoft.Hosting.Lifetime|Now listening on: http://localhost:5129 
2024-08-10 09:05:13.5976|0|INFO|Microsoft.Hosting.Lifetime|Application started. Press Ctrl+C to shut down. 
2024-08-10 09:05:13.5982|0|INFO|Microsoft.Hosting.Lifetime|Hosting environment: Development 
2024-08-10 09:05:13.5990|0|INFO|Microsoft.Hosting.Lifetime|Content root path: /Users/tiantian/Desktop/WorkSpace/MengGrocery/MengGrocery/ 
2024-08-10 09:05:13.7601|3|WARN|Microsoft.AspNetCore.HttpsPolicy.HttpsRedirectionMiddleware|Failed to determine the https port for redirect. 
2024-08-10 09:05:30.4106|10403|INFO|Microsoft.EntityFrameworkCore.Infrastructure|Entity Framework Core 6.0.32 initialized 'ApplicationDbContext' using provider 'Pomelo.EntityFrameworkCore.MySql:6.0.3' with options: ServerVersion 8.3.0-mysql  
2024-08-10 09:05:30.6578|20101|INFO|Microsoft.EntityFrameworkCore.Database.Command|Executed DbCommand (13ms) [Parameters=[@__normalizedUserName_0='?' (Size = 256)], CommandType='Text', CommandTimeout='30']
SELECT `a`.`Id`, `a`.`AccessFailedCount`, `a`.`ConcurrencyStamp`, `a`.`Email`, `a`.`EmailConfirmed`, `a`.`LockoutEnabled`, `a`.`LockoutEnd`, `a`.`NormalizedEmail`, `a`.`NormalizedUserName`, `a`.`PasswordHash`, `a`.`PhoneNumber`, `a`.`PhoneNumberConfirmed`, `a`.`SecurityStamp`, `a`.`TwoFactorEnabled`, `a`.`UserName`
FROM `AspNetUsers` AS `a`
WHERE `a`.`NormalizedUserName` = @__normalizedUserName_0
LIMIT 1 
2024-08-10 09:05:30.7477|20101|INFO|Microsoft.EntityFrameworkCore.Database.Command|Executed DbCommand (2ms) [Parameters=[@__user_Id_0='?' (Size = 255)], CommandType='Text', CommandTimeout='30']
SELECT `a`.`Id`, `a`.`ClaimType`, `a`.`ClaimValue`, `a`.`UserId`
FROM `AspNetUserClaims` AS `a`
WHERE `a`.`UserId` = @__user_Id_0 
2024-08-10 09:07:37.9526|10403|INFO|Microsoft.EntityFrameworkCore.Infrastructure|Entity Framework Core 6.0.32 initialized 'ApplicationDbContext' using provider 'Pomelo.EntityFrameworkCore.MySql:6.0.3' with options: ServerVersion 8.3.0-mysql  
2024-08-10 09:07:38.0549|20101|INFO|Microsoft.EntityFrameworkCore.Database.Command|Executed DbCommand (10ms) [Parameters=[], CommandType='Text', CommandTimeout='30']
SELECT 1 FROM INFORMATION_SCHEMA.TABLES WHERE TABLE_SCHEMA='MengGrocery' AND TABLE_NAME='__EFMigrationsHistory'; 
2024-08-10 09:07:38.0761|20101|INFO|Microsoft.EntityFrameworkCore.Database.Command|Executed DbCommand (2ms) [Parameters=[], CommandType='Text', CommandTimeout='30']
SELECT 1 FROM INFORMATION_SCHEMA.TABLES WHERE TABLE_SCHEMA='MengGrocery' AND TABLE_NAME='__EFMigrationsHistory'; 
2024-08-10 09:07:38.0906|20101|INFO|Microsoft.EntityFrameworkCore.Database.Command|Executed DbCommand (2ms) [Parameters=[], CommandType='Text', CommandTimeout='30']
SELECT `MigrationId`, `ProductVersion`
FROM `__EFMigrationsHistory`
ORDER BY `MigrationId`; 
2024-08-10 09:07:38.1013|20405|INFO|Microsoft.EntityFrameworkCore.Migrations|No migrations were applied. The database is already up to date. 
2024-08-10 09:07:38.1281|14|INFO|Microsoft.Hosting.Lifetime|Now listening on: http://localhost:5129 
2024-08-10 09:07:38.1342|0|INFO|Microsoft.Hosting.Lifetime|Application started. Press Ctrl+C to shut down. 
2024-08-10 09:07:38.1342|0|INFO|Microsoft.Hosting.Lifetime|Hosting environment: Development 
2024-08-10 09:07:38.1355|0|INFO|Microsoft.Hosting.Lifetime|Content root path: /Users/tiantian/Desktop/WorkSpace/MengGrocery/MengGrocery/ 
2024-08-10 09:07:38.3257|3|WARN|Microsoft.AspNetCore.HttpsPolicy.HttpsRedirectionMiddleware|Failed to determine the https port for redirect. 
2024-08-10 09:08:06.8585|10403|INFO|Microsoft.EntityFrameworkCore.Infrastructure|Entity Framework Core 6.0.32 initialized 'ApplicationDbContext' using provider 'Pomelo.EntityFrameworkCore.MySql:6.0.3' with options: ServerVersion 8.3.0-mysql  
2024-08-10 09:08:07.1242|20101|INFO|Microsoft.EntityFrameworkCore.Database.Command|Executed DbCommand (13ms) [Parameters=[@__normalizedUserName_0='?' (Size = 256)], CommandType='Text', CommandTimeout='30']
SELECT `a`.`Id`, `a`.`AccessFailedCount`, `a`.`ConcurrencyStamp`, `a`.`Email`, `a`.`EmailConfirmed`, `a`.`LockoutEnabled`, `a`.`LockoutEnd`, `a`.`NormalizedEmail`, `a`.`NormalizedUserName`, `a`.`PasswordHash`, `a`.`PhoneNumber`, `a`.`PhoneNumberConfirmed`, `a`.`SecurityStamp`, `a`.`TwoFactorEnabled`, `a`.`UserName`
FROM `AspNetUsers` AS `a`
WHERE `a`.`NormalizedUserName` = @__normalizedUserName_0
LIMIT 1 
2024-08-10 09:08:07.2090|20101|INFO|Microsoft.EntityFrameworkCore.Database.Command|Executed DbCommand (2ms) [Parameters=[@__user_Id_0='?' (Size = 255)], CommandType='Text', CommandTimeout='30']
SELECT `a`.`Id`, `a`.`ClaimType`, `a`.`ClaimValue`, `a`.`UserId`
FROM `AspNetUserClaims` AS `a`
WHERE `a`.`UserId` = @__user_Id_0 
2024-08-10 09:08:11.1749|20101|INFO|Microsoft.EntityFrameworkCore.Database.Command|Executed DbCommand (1ms) [Parameters=[@__normalizedEmail_0='?' (Size = 256)], CommandType='Text', CommandTimeout='30']
SELECT `a`.`Id`, `a`.`AccessFailedCount`, `a`.`ConcurrencyStamp`, `a`.`Email`, `a`.`EmailConfirmed`, `a`.`LockoutEnabled`, `a`.`LockoutEnd`, `a`.`NormalizedEmail`, `a`.`NormalizedUserName`, `a`.`PasswordHash`, `a`.`PhoneNumber`, `a`.`PhoneNumberConfirmed`, `a`.`SecurityStamp`, `a`.`TwoFactorEnabled`, `a`.`UserName`
FROM `AspNetUsers` AS `a`
WHERE `a`.`NormalizedEmail` = @__normalizedEmail_0
LIMIT 2 
2024-08-10 09:08:12.2752|20101|INFO|Microsoft.EntityFrameworkCore.Database.Command|Executed DbCommand (4ms) [Parameters=[@__user_Id_0='?' (Size = 255)], CommandType='Text', CommandTimeout='30']
SELECT `a`.`Id`, `a`.`ClaimType`, `a`.`ClaimValue`, `a`.`UserId`
FROM `AspNetUserClaims` AS `a`
WHERE `a`.`UserId` = @__user_Id_0 
2024-08-10 09:14:32.3965|10403|INFO|Microsoft.EntityFrameworkCore.Infrastructure|Entity Framework Core 6.0.32 initialized 'ApplicationDbContext' using provider 'Pomelo.EntityFrameworkCore.MySql:6.0.3' with options: ServerVersion 8.3.0-mysql  
2024-08-10 09:14:32.5250|20101|INFO|Microsoft.EntityFrameworkCore.Database.Command|Executed DbCommand (2ms) [Parameters=[@__normalizedUserName_0='?' (Size = 256)], CommandType='Text', CommandTimeout='30']
SELECT `a`.`Id`, `a`.`AccessFailedCount`, `a`.`ConcurrencyStamp`, `a`.`Email`, `a`.`EmailConfirmed`, `a`.`LockoutEnabled`, `a`.`LockoutEnd`, `a`.`NormalizedEmail`, `a`.`NormalizedUserName`, `a`.`PasswordHash`, `a`.`PhoneNumber`, `a`.`PhoneNumberConfirmed`, `a`.`SecurityStamp`, `a`.`TwoFactorEnabled`, `a`.`UserName`
FROM `AspNetUsers` AS `a`
WHERE `a`.`NormalizedUserName` = @__normalizedUserName_0
LIMIT 1 
2024-08-10 09:14:32.5303|0|WARN|Microsoft.AspNetCore.Identity.UserManager|Invalid password for user. 
2024-08-10 09:14:32.5316|2|WARN|Microsoft.AspNetCore.Identity.SignInManager|User failed to provide the correct password. 
2024-08-10 09:16:46.7414|10403|INFO|Microsoft.EntityFrameworkCore.Infrastructure|Entity Framework Core 6.0.32 initialized 'ApplicationDbContext' using provider 'Pomelo.EntityFrameworkCore.MySql:6.0.3' with options: ServerVersion 8.3.0-mysql  
2024-08-10 09:16:46.8936|20101|INFO|Microsoft.EntityFrameworkCore.Database.Command|Executed DbCommand (86ms) [Parameters=[@__normalizedUserName_0='?' (Size = 256)], CommandType='Text', CommandTimeout='30']
SELECT `a`.`Id`, `a`.`AccessFailedCount`, `a`.`ConcurrencyStamp`, `a`.`Email`, `a`.`EmailConfirmed`, `a`.`LockoutEnabled`, `a`.`LockoutEnd`, `a`.`NormalizedEmail`, `a`.`NormalizedUserName`, `a`.`PasswordHash`, `a`.`PhoneNumber`, `a`.`PhoneNumberConfirmed`, `a`.`SecurityStamp`, `a`.`TwoFactorEnabled`, `a`.`UserName`
FROM `AspNetUsers` AS `a`
WHERE `a`.`NormalizedUserName` = @__normalizedUserName_0
LIMIT 1 
2024-08-10 09:16:47.0925|20101|INFO|Microsoft.EntityFrameworkCore.Database.Command|Executed DbCommand (123ms) [Parameters=[@__user_Id_0='?' (Size = 255)], CommandType='Text', CommandTimeout='30']
SELECT `a`.`Id`, `a`.`ClaimType`, `a`.`ClaimValue`, `a`.`UserId`
FROM `AspNetUserClaims` AS `a`
WHERE `a`.`UserId` = @__user_Id_0 
2024-08-10 09:16:51.8700|20101|INFO|Microsoft.EntityFrameworkCore.Database.Command|Executed DbCommand (1ms) [Parameters=[@__normalizedEmail_0='?' (Size = 256)], CommandType='Text', CommandTimeout='30']
SELECT `a`.`Id`, `a`.`AccessFailedCount`, `a`.`ConcurrencyStamp`, `a`.`Email`, `a`.`EmailConfirmed`, `a`.`LockoutEnabled`, `a`.`LockoutEnd`, `a`.`NormalizedEmail`, `a`.`NormalizedUserName`, `a`.`PasswordHash`, `a`.`PhoneNumber`, `a`.`PhoneNumberConfirmed`, `a`.`SecurityStamp`, `a`.`TwoFactorEnabled`, `a`.`UserName`
FROM `AspNetUsers` AS `a`
WHERE `a`.`NormalizedEmail` = @__normalizedEmail_0
LIMIT 2 
2024-08-10 09:16:52.8721|20101|INFO|Microsoft.EntityFrameworkCore.Database.Command|Executed DbCommand (185ms) [Parameters=[@__user_Id_0='?' (Size = 255)], CommandType='Text', CommandTimeout='30']
SELECT `a`.`Id`, `a`.`ClaimType`, `a`.`ClaimValue`, `a`.`UserId`
FROM `AspNetUserClaims` AS `a`
WHERE `a`.`UserId` = @__user_Id_0 
2024-08-10 09:20:28.1519|10403|INFO|Microsoft.EntityFrameworkCore.Infrastructure|Entity Framework Core 6.0.32 initialized 'ApplicationDbContext' using provider 'Pomelo.EntityFrameworkCore.MySql:6.0.3' with options: ServerVersion 8.3.0-mysql  
2024-08-10 09:20:28.5274|20101|INFO|Microsoft.EntityFrameworkCore.Database.Command|Executed DbCommand (225ms) [Parameters=[@__normalizedUserName_0='?' (Size = 256)], CommandType='Text', CommandTimeout='30']
SELECT `a`.`Id`, `a`.`AccessFailedCount`, `a`.`ConcurrencyStamp`, `a`.`Email`, `a`.`EmailConfirmed`, `a`.`LockoutEnabled`, `a`.`LockoutEnd`, `a`.`NormalizedEmail`, `a`.`NormalizedUserName`, `a`.`PasswordHash`, `a`.`PhoneNumber`, `a`.`PhoneNumberConfirmed`, `a`.`SecurityStamp`, `a`.`TwoFactorEnabled`, `a`.`UserName`
FROM `AspNetUsers` AS `a`
WHERE `a`.`NormalizedUserName` = @__normalizedUserName_0
LIMIT 1 
2024-08-10 09:20:28.7970|20101|INFO|Microsoft.EntityFrameworkCore.Database.Command|Executed DbCommand (50ms) [Parameters=[@__user_Id_0='?' (Size = 255)], CommandType='Text', CommandTimeout='30']
SELECT `a`.`Id`, `a`.`ClaimType`, `a`.`ClaimValue`, `a`.`UserId`
FROM `AspNetUserClaims` AS `a`
WHERE `a`.`UserId` = @__user_Id_0 
2024-08-10 09:20:32.9720|20101|INFO|Microsoft.EntityFrameworkCore.Database.Command|Executed DbCommand (1ms) [Parameters=[@__normalizedEmail_0='?' (Size = 256)], CommandType='Text', CommandTimeout='30']
SELECT `a`.`Id`, `a`.`AccessFailedCount`, `a`.`ConcurrencyStamp`, `a`.`Email`, `a`.`EmailConfirmed`, `a`.`LockoutEnabled`, `a`.`LockoutEnd`, `a`.`NormalizedEmail`, `a`.`NormalizedUserName`, `a`.`PasswordHash`, `a`.`PhoneNumber`, `a`.`PhoneNumberConfirmed`, `a`.`SecurityStamp`, `a`.`TwoFactorEnabled`, `a`.`UserName`
FROM `AspNetUsers` AS `a`
WHERE `a`.`NormalizedEmail` = @__normalizedEmail_0
LIMIT 2 
2024-08-10 09:20:33.4536|20101|INFO|Microsoft.EntityFrameworkCore.Database.Command|Executed DbCommand (219ms) [Parameters=[@__user_Id_0='?' (Size = 255)], CommandType='Text', CommandTimeout='30']
SELECT `a`.`Id`, `a`.`ClaimType`, `a`.`ClaimValue`, `a`.`UserId`
FROM `AspNetUserClaims` AS `a`
WHERE `a`.`UserId` = @__user_Id_0 
2024-08-10 09:24:13.0949|10403|INFO|Microsoft.EntityFrameworkCore.Infrastructure|Entity Framework Core 6.0.32 initialized 'ApplicationDbContext' using provider 'Pomelo.EntityFrameworkCore.MySql:6.0.3' with options: ServerVersion 8.3.0-mysql  
2024-08-10 09:24:13.1938|20101|INFO|Microsoft.EntityFrameworkCore.Database.Command|Executed DbCommand (12ms) [Parameters=[], CommandType='Text', CommandTimeout='30']
SELECT 1 FROM INFORMATION_SCHEMA.TABLES WHERE TABLE_SCHEMA='MengGrocery' AND TABLE_NAME='__EFMigrationsHistory'; 
2024-08-10 09:24:13.2154|20101|INFO|Microsoft.EntityFrameworkCore.Database.Command|Executed DbCommand (1ms) [Parameters=[], CommandType='Text', CommandTimeout='30']
SELECT 1 FROM INFORMATION_SCHEMA.TABLES WHERE TABLE_SCHEMA='MengGrocery' AND TABLE_NAME='__EFMigrationsHistory'; 
2024-08-10 09:24:13.2292|20101|INFO|Microsoft.EntityFrameworkCore.Database.Command|Executed DbCommand (2ms) [Parameters=[], CommandType='Text', CommandTimeout='30']
SELECT `MigrationId`, `ProductVersion`
FROM `__EFMigrationsHistory`
ORDER BY `MigrationId`; 
2024-08-10 09:24:13.2393|20405|INFO|Microsoft.EntityFrameworkCore.Migrations|No migrations were applied. The database is already up to date. 
2024-08-10 09:24:13.2651|14|INFO|Microsoft.Hosting.Lifetime|Now listening on: http://localhost:5129 
2024-08-10 09:24:13.2715|0|INFO|Microsoft.Hosting.Lifetime|Application started. Press Ctrl+C to shut down. 
2024-08-10 09:24:13.2721|0|INFO|Microsoft.Hosting.Lifetime|Hosting environment: Development 
2024-08-10 09:24:13.2727|0|INFO|Microsoft.Hosting.Lifetime|Content root path: /Users/tiantian/Desktop/WorkSpace/MengGrocery/MengGrocery/ 
2024-08-10 09:24:13.5199|3|WARN|Microsoft.AspNetCore.HttpsPolicy.HttpsRedirectionMiddleware|Failed to determine the https port for redirect. 
2024-08-10 09:25:01.7622|10403|INFO|Microsoft.EntityFrameworkCore.Infrastructure|Entity Framework Core 6.0.32 initialized 'ApplicationDbContext' using provider 'Pomelo.EntityFrameworkCore.MySql:6.0.3' with options: ServerVersion 8.3.0-mysql  
2024-08-10 09:25:02.0190|20101|INFO|Microsoft.EntityFrameworkCore.Database.Command|Executed DbCommand (14ms) [Parameters=[@__normalizedUserName_0='?' (Size = 256)], CommandType='Text', CommandTimeout='30']
SELECT `a`.`Id`, `a`.`AccessFailedCount`, `a`.`ConcurrencyStamp`, `a`.`Email`, `a`.`EmailConfirmed`, `a`.`LockoutEnabled`, `a`.`LockoutEnd`, `a`.`NormalizedEmail`, `a`.`NormalizedUserName`, `a`.`PasswordHash`, `a`.`PhoneNumber`, `a`.`PhoneNumberConfirmed`, `a`.`SecurityStamp`, `a`.`TwoFactorEnabled`, `a`.`UserName`
FROM `AspNetUsers` AS `a`
WHERE `a`.`NormalizedUserName` = @__normalizedUserName_0
LIMIT 1 
2024-08-10 09:25:02.1071|20101|INFO|Microsoft.EntityFrameworkCore.Database.Command|Executed DbCommand (3ms) [Parameters=[@__user_Id_0='?' (Size = 255)], CommandType='Text', CommandTimeout='30']
SELECT `a`.`Id`, `a`.`ClaimType`, `a`.`ClaimValue`, `a`.`UserId`
FROM `AspNetUserClaims` AS `a`
WHERE `a`.`UserId` = @__user_Id_0 
2024-08-10 09:25:21.0567|20101|INFO|Microsoft.EntityFrameworkCore.Database.Command|Executed DbCommand (1ms) [Parameters=[@__normalizedEmail_0='?' (Size = 256)], CommandType='Text', CommandTimeout='30']
SELECT `a`.`Id`, `a`.`AccessFailedCount`, `a`.`ConcurrencyStamp`, `a`.`Email`, `a`.`EmailConfirmed`, `a`.`LockoutEnabled`, `a`.`LockoutEnd`, `a`.`NormalizedEmail`, `a`.`NormalizedUserName`, `a`.`PasswordHash`, `a`.`PhoneNumber`, `a`.`PhoneNumberConfirmed`, `a`.`SecurityStamp`, `a`.`TwoFactorEnabled`, `a`.`UserName`
FROM `AspNetUsers` AS `a`
WHERE `a`.`NormalizedEmail` = @__normalizedEmail_0
LIMIT 2 
2024-08-10 09:25:22.2004|20101|INFO|Microsoft.EntityFrameworkCore.Database.Command|Executed DbCommand (128ms) [Parameters=[@__user_Id_0='?' (Size = 255)], CommandType='Text', CommandTimeout='30']
SELECT `a`.`Id`, `a`.`ClaimType`, `a`.`ClaimValue`, `a`.`UserId`
FROM `AspNetUserClaims` AS `a`
WHERE `a`.`UserId` = @__user_Id_0 
2024-08-10 09:25:23.2300|20101|INFO|Microsoft.EntityFrameworkCore.Database.Command|Executed DbCommand (164ms) [Parameters=[@__user_Id_0='?' (Size = 255)], CommandType='Text', CommandTimeout='30']
SELECT `a`.`Id`, `a`.`ClaimType`, `a`.`ClaimValue`, `a`.`UserId`
FROM `AspNetUserClaims` AS `a`
WHERE `a`.`UserId` = @__user_Id_0 
2024-08-10 09:28:00.6603|10403|INFO|Microsoft.EntityFrameworkCore.Infrastructure|Entity Framework Core 6.0.32 initialized 'ApplicationDbContext' using provider 'Pomelo.EntityFrameworkCore.MySql:6.0.3' with options: ServerVersion 8.3.0-mysql  
2024-08-10 09:28:00.7667|20101|INFO|Microsoft.EntityFrameworkCore.Database.Command|Executed DbCommand (11ms) [Parameters=[], CommandType='Text', CommandTimeout='30']
SELECT 1 FROM INFORMATION_SCHEMA.TABLES WHERE TABLE_SCHEMA='MengGrocery' AND TABLE_NAME='__EFMigrationsHistory'; 
2024-08-10 09:28:00.7845|20101|INFO|Microsoft.EntityFrameworkCore.Database.Command|Executed DbCommand (1ms) [Parameters=[], CommandType='Text', CommandTimeout='30']
SELECT 1 FROM INFORMATION_SCHEMA.TABLES WHERE TABLE_SCHEMA='MengGrocery' AND TABLE_NAME='__EFMigrationsHistory'; 
2024-08-10 09:28:00.7993|20101|INFO|Microsoft.EntityFrameworkCore.Database.Command|Executed DbCommand (2ms) [Parameters=[], CommandType='Text', CommandTimeout='30']
SELECT `MigrationId`, `ProductVersion`
FROM `__EFMigrationsHistory`
ORDER BY `MigrationId`; 
2024-08-10 09:28:00.8124|20405|INFO|Microsoft.EntityFrameworkCore.Migrations|No migrations were applied. The database is already up to date. 
2024-08-10 09:28:00.8465|14|INFO|Microsoft.Hosting.Lifetime|Now listening on: http://localhost:5129 
2024-08-10 09:28:00.8618|0|INFO|Microsoft.Hosting.Lifetime|Application started. Press Ctrl+C to shut down. 
2024-08-10 09:28:00.8650|0|INFO|Microsoft.Hosting.Lifetime|Hosting environment: Development 
2024-08-10 09:28:00.8681|0|INFO|Microsoft.Hosting.Lifetime|Content root path: /Users/tiantian/Desktop/WorkSpace/MengGrocery/MengGrocery/ 
2024-08-10 09:28:01.0492|3|WARN|Microsoft.AspNetCore.HttpsPolicy.HttpsRedirectionMiddleware|Failed to determine the https port for redirect. 
2024-08-10 09:28:33.3531|10403|INFO|Microsoft.EntityFrameworkCore.Infrastructure|Entity Framework Core 6.0.32 initialized 'ApplicationDbContext' using provider 'Pomelo.EntityFrameworkCore.MySql:6.0.3' with options: ServerVersion 8.3.0-mysql  
2024-08-10 09:28:33.6205|20101|INFO|Microsoft.EntityFrameworkCore.Database.Command|Executed DbCommand (14ms) [Parameters=[@__normalizedUserName_0='?' (Size = 256)], CommandType='Text', CommandTimeout='30']
SELECT `a`.`Id`, `a`.`AccessFailedCount`, `a`.`ConcurrencyStamp`, `a`.`Email`, `a`.`EmailConfirmed`, `a`.`LockoutEnabled`, `a`.`LockoutEnd`, `a`.`NormalizedEmail`, `a`.`NormalizedUserName`, `a`.`PasswordHash`, `a`.`PhoneNumber`, `a`.`PhoneNumberConfirmed`, `a`.`SecurityStamp`, `a`.`TwoFactorEnabled`, `a`.`UserName`
FROM `AspNetUsers` AS `a`
WHERE `a`.`NormalizedUserName` = @__normalizedUserName_0
LIMIT 1 
2024-08-10 09:28:33.7139|20101|INFO|Microsoft.EntityFrameworkCore.Database.Command|Executed DbCommand (2ms) [Parameters=[@__user_Id_0='?' (Size = 255)], CommandType='Text', CommandTimeout='30']
SELECT `a`.`Id`, `a`.`ClaimType`, `a`.`ClaimValue`, `a`.`UserId`
FROM `AspNetUserClaims` AS `a`
WHERE `a`.`UserId` = @__user_Id_0 
2024-08-10 09:28:42.5277|20101|INFO|Microsoft.EntityFrameworkCore.Database.Command|Executed DbCommand (0ms) [Parameters=[@__normalizedEmail_0='?' (Size = 256)], CommandType='Text', CommandTimeout='30']
SELECT `a`.`Id`, `a`.`AccessFailedCount`, `a`.`ConcurrencyStamp`, `a`.`Email`, `a`.`EmailConfirmed`, `a`.`LockoutEnabled`, `a`.`LockoutEnd`, `a`.`NormalizedEmail`, `a`.`NormalizedUserName`, `a`.`PasswordHash`, `a`.`PhoneNumber`, `a`.`PhoneNumberConfirmed`, `a`.`SecurityStamp`, `a`.`TwoFactorEnabled`, `a`.`UserName`
FROM `AspNetUsers` AS `a`
WHERE `a`.`NormalizedEmail` = @__normalizedEmail_0
LIMIT 2 
2024-08-10 09:28:43.6137|20101|INFO|Microsoft.EntityFrameworkCore.Database.Command|Executed DbCommand (4ms) [Parameters=[@__user_Id_0='?' (Size = 255)], CommandType='Text', CommandTimeout='30']
SELECT `a`.`Id`, `a`.`ClaimType`, `a`.`ClaimValue`, `a`.`UserId`
FROM `AspNetUserClaims` AS `a`
WHERE `a`.`UserId` = @__user_Id_0 
2024-08-10 09:28:46.8379|20101|INFO|Microsoft.EntityFrameworkCore.Database.Command|Executed DbCommand (190ms) [Parameters=[@__user_Id_0='?' (Size = 255)], CommandType='Text', CommandTimeout='30']
SELECT `a`.`Id`, `a`.`ClaimType`, `a`.`ClaimValue`, `a`.`UserId`
FROM `AspNetUserClaims` AS `a`
WHERE `a`.`UserId` = @__user_Id_0 
2024-08-10 09:32:44.7298|10403|INFO|Microsoft.EntityFrameworkCore.Infrastructure|Entity Framework Core 6.0.32 initialized 'ApplicationDbContext' using provider 'Pomelo.EntityFrameworkCore.MySql:6.0.3' with options: ServerVersion 8.3.0-mysql  
2024-08-10 09:32:44.8447|20101|INFO|Microsoft.EntityFrameworkCore.Database.Command|Executed DbCommand (18ms) [Parameters=[], CommandType='Text', CommandTimeout='30']
SELECT 1 FROM INFORMATION_SCHEMA.TABLES WHERE TABLE_SCHEMA='MengGrocery' AND TABLE_NAME='__EFMigrationsHistory'; 
2024-08-10 09:32:44.8648|20101|INFO|Microsoft.EntityFrameworkCore.Database.Command|Executed DbCommand (2ms) [Parameters=[], CommandType='Text', CommandTimeout='30']
SELECT 1 FROM INFORMATION_SCHEMA.TABLES WHERE TABLE_SCHEMA='MengGrocery' AND TABLE_NAME='__EFMigrationsHistory'; 
2024-08-10 09:32:44.8796|20101|INFO|Microsoft.EntityFrameworkCore.Database.Command|Executed DbCommand (2ms) [Parameters=[], CommandType='Text', CommandTimeout='30']
SELECT `MigrationId`, `ProductVersion`
FROM `__EFMigrationsHistory`
ORDER BY `MigrationId`; 
2024-08-10 09:32:44.8910|20405|INFO|Microsoft.EntityFrameworkCore.Migrations|No migrations were applied. The database is already up to date. 
2024-08-10 09:32:44.9201|14|INFO|Microsoft.Hosting.Lifetime|Now listening on: http://localhost:5129 
2024-08-10 09:32:44.9292|0|INFO|Microsoft.Hosting.Lifetime|Application started. Press Ctrl+C to shut down. 
2024-08-10 09:32:44.9440|0|INFO|Microsoft.Hosting.Lifetime|Hosting environment: Development 
2024-08-10 09:32:44.9475|0|INFO|Microsoft.Hosting.Lifetime|Content root path: /Users/tiantian/Desktop/WorkSpace/MengGrocery/MengGrocery/ 
2024-08-10 09:32:45.1360|3|WARN|Microsoft.AspNetCore.HttpsPolicy.HttpsRedirectionMiddleware|Failed to determine the https port for redirect. 
2024-08-10 09:33:05.5561|10403|INFO|Microsoft.EntityFrameworkCore.Infrastructure|Entity Framework Core 6.0.32 initialized 'ApplicationDbContext' using provider 'Pomelo.EntityFrameworkCore.MySql:6.0.3' with options: ServerVersion 8.3.0-mysql  
2024-08-10 09:33:05.8008|20101|INFO|Microsoft.EntityFrameworkCore.Database.Command|Executed DbCommand (13ms) [Parameters=[@__normalizedUserName_0='?' (Size = 256)], CommandType='Text', CommandTimeout='30']
SELECT `a`.`Id`, `a`.`AccessFailedCount`, `a`.`ConcurrencyStamp`, `a`.`Email`, `a`.`EmailConfirmed`, `a`.`LockoutEnabled`, `a`.`LockoutEnd`, `a`.`NormalizedEmail`, `a`.`NormalizedUserName`, `a`.`PasswordHash`, `a`.`PhoneNumber`, `a`.`PhoneNumberConfirmed`, `a`.`SecurityStamp`, `a`.`TwoFactorEnabled`, `a`.`UserName`
FROM `AspNetUsers` AS `a`
WHERE `a`.`NormalizedUserName` = @__normalizedUserName_0
LIMIT 1 
2024-08-10 09:33:05.8910|20101|INFO|Microsoft.EntityFrameworkCore.Database.Command|Executed DbCommand (2ms) [Parameters=[@__user_Id_0='?' (Size = 255)], CommandType='Text', CommandTimeout='30']
SELECT `a`.`Id`, `a`.`ClaimType`, `a`.`ClaimValue`, `a`.`UserId`
FROM `AspNetUserClaims` AS `a`
WHERE `a`.`UserId` = @__user_Id_0 
2024-08-10 09:33:13.1791|20101|INFO|Microsoft.EntityFrameworkCore.Database.Command|Executed DbCommand (0ms) [Parameters=[@__normalizedEmail_0='?' (Size = 256)], CommandType='Text', CommandTimeout='30']
SELECT `a`.`Id`, `a`.`AccessFailedCount`, `a`.`ConcurrencyStamp`, `a`.`Email`, `a`.`EmailConfirmed`, `a`.`LockoutEnabled`, `a`.`LockoutEnd`, `a`.`NormalizedEmail`, `a`.`NormalizedUserName`, `a`.`PasswordHash`, `a`.`PhoneNumber`, `a`.`PhoneNumberConfirmed`, `a`.`SecurityStamp`, `a`.`TwoFactorEnabled`, `a`.`UserName`
FROM `AspNetUsers` AS `a`
WHERE `a`.`NormalizedEmail` = @__normalizedEmail_0
LIMIT 2 
2024-08-10 09:33:13.4878|20101|INFO|Microsoft.EntityFrameworkCore.Database.Command|Executed DbCommand (31ms) [Parameters=[@__user_Id_0='?' (Size = 255)], CommandType='Text', CommandTimeout='30']
SELECT `a`.`Id`, `a`.`ClaimType`, `a`.`ClaimValue`, `a`.`UserId`
FROM `AspNetUserClaims` AS `a`
WHERE `a`.`UserId` = @__user_Id_0 
2024-08-10 09:33:14.1915|20101|INFO|Microsoft.EntityFrameworkCore.Database.Command|Executed DbCommand (74ms) [Parameters=[@__user_Id_0='?' (Size = 255)], CommandType='Text', CommandTimeout='30']
SELECT `a`.`Id`, `a`.`ClaimType`, `a`.`ClaimValue`, `a`.`UserId`
FROM `AspNetUserClaims` AS `a`
WHERE `a`.`UserId` = @__user_Id_0 
